|--- feature_28 <= 28.70
|   |--- feature_28 <= 19.50
|   |   |--- feature_28 <= 14.50
|   |   |   |--- feature_2 <= 0.50
|   |   |   |   |--- feature_28 <= 11.50
|   |   |   |   |   |--- feature_9 <= 0.50
|   |   |   |   |   |   |--- feature_14 <= 0.50
|   |   |   |   |   |   |   |--- feature_0 <= 0.50
|   |   |   |   |   |   |   |   |--- class: 0
|   |   |   |   |   |   |   |--- feature_0 >  0.50
|   |   |   |   |   |   |   |   |--- feature_28 <= 10.50
|   |   |   |   |   |   |   |   |   |--- class: 0
|   |   |   |   |   |   |   |   |--- feature_28 >  10.50
|   |   |   |   |   |   |   |   |   |--- feature_27 <= 2009.50
|   |   |   |   |   |   |   |   |   |   |--- feature_27 <= 2008.50
|   |   |   |   |   |   |   |   |   |   |   |--- class: 0
|   |   |   |   |   |   |   |   |   |   |--- feature_27 >  2008.50
|   |   |   |   |   |   |   |   |   |   |   |--- class: 0
|   |   |   |   |   |   |   |   |   |--- feature_27 >  2009.50
|   |   |   |   |   |   |   |   |   |   |--- class: 0
|   |   |   |   |   |   |--- feature_14 >  0.50
|   |   |   |   |   |   |   |--- feature_28 <= 10.50
|   |   |   |   |   |   |   |   |--- class: 0
|   |   |   |   |   |   |   |--- feature_28 >  10.50
|   |   |   |   |   |   |   |   |--- feature_27 <= 2012.50
|   |   |   |   |   |   |   |   |   |--- class: 0
|   |   |   |   |   |   |   |   |--- feature_27 >  2012.50
|   |   |   |   |   |   |   |   |   |--- feature_27 <= 2014.00
|   |   |   |   |   |   |   |   |   |   |--- class: 1
|   |   |   |   |   |   |   |   |   |--- feature_27 >  2014.00
|   |   |   |   |   |   |   |   |   |   |--- class: 0
|   |   |   |   |   |--- feature_9 >  0.50
|   |   |   |   |   |   |--- feature_27 <= 2010.50
|   |   |   |   |   |   |   |--- class: 0
|   |   |   |   |   |   |--- feature_27 >  2010.50
|   |   |   |   |   |   |   |--- feature_27 <= 2012.50
|   |   |   |   |   |   |   |   |--- feature_28 <= 9.50
|   |   |   |   |   |   |   |   |   |--- class: 0
|   |   |   |   |   |   |   |   |--- feature_28 >  9.50
|   |   |   |   |   |   |   |   |   |--- class: 1
|   |   |   |   |   |   |   |--- feature_27 >  2012.50
|   |   |   |   |   |   |   |   |--- class: 0
|   |   |   |   |--- feature_28 >  11.50
|   |   |   |   |   |--- feature_19 <= 0.50
|   |   |   |   |   |   |--- feature_27 <= 2012.50
|   |   |   |   |   |   |   |--- feature_7 <= 0.50
|   |   |   |   |   |   |   |   |--- feature_21 <= 0.50
|   |   |   |   |   |   |   |   |   |--- feature_26 <= 0.50
|   |   |   |   |   |   |   |   |   |   |--- feature_27 <= 2009.50
|   |   |   |   |   |   |   |   |   |   |   |--- truncated branch of depth 8
|   |   |   |   |   |   |   |   |   |   |--- feature_27 >  2009.50
|   |   |   |   |   |   |   |   |   |   |   |--- class: 0
|   |   |   |   |   |   |   |   |   |--- feature_26 >  0.50
|   |   |   |   |   |   |   |   |   |   |--- feature_27 <= 2011.50
|   |   |   |   |   |   |   |   |   |   |   |--- class: 0
|   |   |   |   |   |   |   |   |   |   |--- feature_27 >  2011.50
|   |   |   |   |   |   |   |   |   |   |   |--- class: 1
|   |   |   |   |   |   |   |   |--- feature_21 >  0.50
|   |   |   |   |   |   |   |   |   |--- feature_27 <= 2008.50
|   |   |   |   |   |   |   |   |   |   |--- class: 0
|   |   |   |   |   |   |   |   |   |--- feature_27 >  2008.50
|   |   |   |   |   |   |   |   |   |   |--- feature_27 <= 2009.50
|   |   |   |   |   |   |   |   |   |   |   |--- truncated branch of depth 2
|   |   |   |   |   |   |   |   |   |   |--- feature_27 >  2009.50
|   |   |   |   |   |   |   |   |   |   |   |--- truncated branch of depth 3
|   |   |   |   |   |   |   |--- feature_7 >  0.50
|   |   |   |   |   |   |   |   |--- class: 1
|   |   |   |   |   |   |--- feature_27 >  2012.50
|   |   |   |   |   |   |   |--- feature_20 <= 0.50
|   |   |   |   |   |   |   |   |--- feature_27 <= 2014.50
|   |   |   |   |   |   |   |   |   |--- feature_23 <= 0.50
|   |   |   |   |   |   |   |   |   |   |--- feature_28 <= 13.50
|   |   |   |   |   |   |   |   |   |   |   |--- truncated branch of depth 4
|   |   |   |   |   |   |   |   |   |   |--- feature_28 >  13.50
|   |   |   |   |   |   |   |   |   |   |   |--- truncated branch of depth 3
|   |   |   |   |   |   |   |   |   |--- feature_23 >  0.50
|   |   |   |   |   |   |   |   |   |   |--- feature_27 <= 2013.50
|   |   |   |   |   |   |   |   |   |   |   |--- truncated branch of depth 3
|   |   |   |   |   |   |   |   |   |   |--- feature_27 >  2013.50
|   |   |   |   |   |   |   |   |   |   |   |--- truncated branch of depth 2
|   |   |   |   |   |   |   |   |--- feature_27 >  2014.50
|   |   |   |   |   |   |   |   |   |--- feature_15 <= 0.50
|   |   |   |   |   |   |   |   |   |   |--- feature_28 <= 13.50
|   |   |   |   |   |   |   |   |   |   |   |--- class: 0
|   |   |   |   |   |   |   |   |   |   |--- feature_28 >  13.50
|   |   |   |   |   |   |   |   |   |   |   |--- truncated branch of depth 2
|   |   |   |   |   |   |   |   |   |--- feature_15 >  0.50
|   |   |   |   |   |   |   |   |   |   |--- feature_28 <= 12.50
|   |   |   |   |   |   |   |   |   |   |   |--- class: 0
|   |   |   |   |   |   |   |   |   |   |--- feature_28 >  12.50
|   |   |   |   |   |   |   |   |   |   |   |--- class: 1
|   |   |   |   |   |   |   |--- feature_20 >  0.50
|   |   |   |   |   |   |   |   |--- feature_27 <= 2013.50
|   |   |   |   |   |   |   |   |   |--- class: 1
|   |   |   |   |   |   |   |   |--- feature_27 >  2013.50
|   |   |   |   |   |   |   |   |   |--- class: 0
|   |   |   |   |   |--- feature_19 >  0.50
|   |   |   |   |   |   |--- feature_27 <= 2001.50
|   |   |   |   |   |   |   |--- feature_28 <= 12.50
|   |   |   |   |   |   |   |   |--- class: 0
|   |   |   |   |   |   |   |--- feature_28 >  12.50
|   |   |   |   |   |   |   |   |--- class: 0
|   |   |   |   |   |   |--- feature_27 >  2001.50
|   |   |   |   |   |   |   |--- feature_28 <= 13.95
|   |   |   |   |   |   |   |   |--- feature_27 <= 2010.50
|   |   |   |   |   |   |   |   |   |--- feature_27 <= 2009.50
|   |   |   |   |   |   |   |   |   |   |--- feature_28 <= 12.50
|   |   |   |   |   |   |   |   |   |   |   |--- truncated branch of depth 4
|   |   |   |   |   |   |   |   |   |   |--- feature_28 >  12.50
|   |   |   |   |   |   |   |   |   |   |   |--- class: 0
|   |   |   |   |   |   |   |   |   |--- feature_27 >  2009.50
|   |   |   |   |   |   |   |   |   |   |--- feature_28 <= 12.50
|   |   |   |   |   |   |   |   |   |   |   |--- class: 0
|   |   |   |   |   |   |   |   |   |   |--- feature_28 >  12.50
|   |   |   |   |   |   |   |   |   |   |   |--- truncated branch of depth 2
|   |   |   |   |   |   |   |   |--- feature_27 >  2010.50
|   |   |   |   |   |   |   |   |   |--- class: 0
|   |   |   |   |   |   |   |--- feature_28 >  13.95
|   |   |   |   |   |   |   |   |--- feature_27 <= 2006.50
|   |   |   |   |   |   |   |   |   |--- feature_0 <= 0.50
|   |   |   |   |   |   |   |   |   |   |--- feature_27 <= 2005.50
|   |   |   |   |   |   |   |   |   |   |   |--- class: 0
|   |   |   |   |   |   |   |   |   |   |--- feature_27 >  2005.50
|   |   |   |   |   |   |   |   |   |   |   |--- class: 0
|   |   |   |   |   |   |   |   |   |--- feature_0 >  0.50
|   |   |   |   |   |   |   |   |   |   |--- class: 0
|   |   |   |   |   |   |   |   |--- feature_27 >  2006.50
|   |   |   |   |   |   |   |   |   |--- feature_27 <= 2012.50
|   |   |   |   |   |   |   |   |   |   |--- class: 0
|   |   |   |   |   |   |   |   |   |--- feature_27 >  2012.50
|   |   |   |   |   |   |   |   |   |   |--- feature_27 <= 2013.50
|   |   |   |   |   |   |   |   |   |   |   |--- truncated branch of depth 2
|   |   |   |   |   |   |   |   |   |   |--- feature_27 >  2013.50
|   |   |   |   |   |   |   |   |   |   |   |--- class: 0
|   |   |   |--- feature_2 >  0.50
|   |   |   |   |--- feature_28 <= 9.50
|   |   |   |   |   |--- class: 0
|   |   |   |   |--- feature_28 >  9.50
|   |   |   |   |   |--- feature_24 <= 0.50
|   |   |   |   |   |   |--- feature_27 <= 2014.00
|   |   |   |   |   |   |   |--- feature_28 <= 12.50
|   |   |   |   |   |   |   |   |--- class: 1
|   |   |   |   |   |   |   |--- feature_28 >  12.50
|   |   |   |   |   |   |   |   |--- feature_28 <= 13.50
|   |   |   |   |   |   |   |   |   |--- class: 0
|   |   |   |   |   |   |   |   |--- feature_28 >  13.50
|   |   |   |   |   |   |   |   |   |--- class: 1
|   |   |   |   |   |   |--- feature_27 >  2014.00
|   |   |   |   |   |   |   |--- class: 0
|   |   |   |   |   |--- feature_24 >  0.50
|   |   |   |   |   |   |--- class: 0
|   |   |--- feature_28 >  14.50
|   |   |   |--- feature_20 <= 0.50
|   |   |   |   |--- feature_27 <= 2012.50
|   |   |   |   |   |--- feature_1 <= 0.50
|   |   |   |   |   |   |--- feature_27 <= 1995.00
|   |   |   |   |   |   |   |--- class: 1
|   |   |   |   |   |   |--- feature_27 >  1995.00
|   |   |   |   |   |   |   |--- feature_23 <= 0.50
|   |   |   |   |   |   |   |   |--- feature_21 <= 0.50
|   |   |   |   |   |   |   |   |   |--- feature_11 <= 0.50
|   |   |   |   |   |   |   |   |   |   |--- feature_27 <= 2010.50
|   |   |   |   |   |   |   |   |   |   |   |--- truncated branch of depth 11
|   |   |   |   |   |   |   |   |   |   |--- feature_27 >  2010.50
|   |   |   |   |   |   |   |   |   |   |   |--- truncated branch of depth 8
|   |   |   |   |   |   |   |   |   |--- feature_11 >  0.50
|   |   |   |   |   |   |   |   |   |   |--- feature_27 <= 2007.50
|   |   |   |   |   |   |   |   |   |   |   |--- truncated branch of depth 8
|   |   |   |   |   |   |   |   |   |   |--- feature_27 >  2007.50
|   |   |   |   |   |   |   |   |   |   |   |--- truncated branch of depth 7
|   |   |   |   |   |   |   |   |--- feature_21 >  0.50
|   |   |   |   |   |   |   |   |   |--- feature_27 <= 2010.50
|   |   |   |   |   |   |   |   |   |   |--- feature_27 <= 2006.50
|   |   |   |   |   |   |   |   |   |   |   |--- truncated branch of depth 4
|   |   |   |   |   |   |   |   |   |   |--- feature_27 >  2006.50
|   |   |   |   |   |   |   |   |   |   |   |--- truncated branch of depth 3
|   |   |   |   |   |   |   |   |   |--- feature_27 >  2010.50
|   |   |   |   |   |   |   |   |   |   |--- feature_28 <= 17.50
|   |   |   |   |   |   |   |   |   |   |   |--- class: 0
|   |   |   |   |   |   |   |   |   |   |--- feature_28 >  17.50
|   |   |   |   |   |   |   |   |   |   |   |--- class: 1
|   |   |   |   |   |   |   |--- feature_23 >  0.50
|   |   |   |   |   |   |   |   |--- feature_28 <= 17.50
|   |   |   |   |   |   |   |   |   |--- feature_28 <= 15.50
|   |   |   |   |   |   |   |   |   |   |--- feature_27 <= 2011.50
|   |   |   |   |   |   |   |   |   |   |   |--- class: 0
|   |   |   |   |   |   |   |   |   |   |--- feature_27 >  2011.50
|   |   |   |   |   |   |   |   |   |   |   |--- class: 0
|   |   |   |   |   |   |   |   |   |--- feature_28 >  15.50
|   |   |   |   |   |   |   |   |   |   |--- class: 0
|   |   |   |   |   |   |   |   |--- feature_28 >  17.50
|   |   |   |   |   |   |   |   |   |--- class: 1
|   |   |   |   |   |--- feature_1 >  0.50
|   |   |   |   |   |   |--- feature_28 <= 18.50
|   |   |   |   |   |   |   |--- feature_27 <= 2007.00
|   |   |   |   |   |   |   |   |--- feature_27 <= 2004.50
|   |   |   |   |   |   |   |   |   |--- feature_25 <= 0.50
|   |   |   |   |   |   |   |   |   |   |--- feature_28 <= 16.00
|   |   |   |   |   |   |   |   |   |   |   |--- class: 0
|   |   |   |   |   |   |   |   |   |   |--- feature_28 >  16.00
|   |   |   |   |   |   |   |   |   |   |   |--- class: 0
|   |   |   |   |   |   |   |   |   |--- feature_25 >  0.50
|   |   |   |   |   |   |   |   |   |   |--- class: 0
|   |   |   |   |   |   |   |   |--- feature_27 >  2004.50
|   |   |   |   |   |   |   |   |   |--- class: 0
|   |   |   |   |   |   |   |--- feature_27 >  2007.00
|   |   |   |   |   |   |   |   |--- feature_28 <= 15.50
|   |   |   |   |   |   |   |   |   |--- class: 1
|   |   |   |   |   |   |   |   |--- feature_28 >  15.50
|   |   |   |   |   |   |   |   |   |--- feature_28 <= 17.50
|   |   |   |   |   |   |   |   |   |   |--- feature_27 <= 2009.50
|   |   |   |   |   |   |   |   |   |   |   |--- class: 0
|   |   |   |   |   |   |   |   |   |   |--- feature_27 >  2009.50
|   |   |   |   |   |   |   |   |   |   |   |--- truncated branch of depth 2
|   |   |   |   |   |   |   |   |   |--- feature_28 >  17.50
|   |   |   |   |   |   |   |   |   |   |--- class: 1
|   |   |   |   |   |   |--- feature_28 >  18.50
|   |   |   |   |   |   |   |--- feature_27 <= 2005.50
|   |   |   |   |   |   |   |   |--- class: 1
|   |   |   |   |   |   |   |--- feature_27 >  2005.50
|   |   |   |   |   |   |   |   |--- feature_27 <= 2006.50
|   |   |   |   |   |   |   |   |   |--- class: 0
|   |   |   |   |   |   |   |   |--- feature_27 >  2006.50
|   |   |   |   |   |   |   |   |   |--- class: 0
|   |   |   |   |--- feature_27 >  2012.50
|   |   |   |   |   |--- feature_19 <= 0.50
|   |   |   |   |   |   |--- feature_27 <= 2013.50
|   |   |   |   |   |   |   |--- feature_26 <= 0.50
|   |   |   |   |   |   |   |   |--- feature_28 <= 17.50
|   |   |   |   |   |   |   |   |   |--- feature_13 <= 0.50
|   |   |   |   |   |   |   |   |   |   |--- feature_18 <= 0.50
|   |   |   |   |   |   |   |   |   |   |   |--- truncated branch of depth 5
|   |   |   |   |   |   |   |   |   |   |--- feature_18 >  0.50
|   |   |   |   |   |   |   |   |   |   |   |--- truncated branch of depth 3
|   |   |   |   |   |   |   |   |   |--- feature_13 >  0.50
|   |   |   |   |   |   |   |   |   |   |--- class: 1
|   |   |   |   |   |   |   |   |--- feature_28 >  17.50
|   |   |   |   |   |   |   |   |   |--- feature_28 <= 18.50
|   |   |   |   |   |   |   |   |   |   |--- feature_18 <= 0.50
|   |   |   |   |   |   |   |   |   |   |   |--- class: 1
|   |   |   |   |   |   |   |   |   |   |--- feature_18 >  0.50
|   |   |   |   |   |   |   |   |   |   |   |--- class: 1
|   |   |   |   |   |   |   |   |   |--- feature_28 >  18.50
|   |   |   |   |   |   |   |   |   |   |--- feature_18 <= 0.50
|   |   |   |   |   |   |   |   |   |   |   |--- class: 0
|   |   |   |   |   |   |   |   |   |   |--- feature_18 >  0.50
|   |   |   |   |   |   |   |   |   |   |   |--- class: 0
|   |   |   |   |   |   |   |--- feature_26 >  0.50
|   |   |   |   |   |   |   |   |--- class: 0
|   |   |   |   |   |   |--- feature_27 >  2013.50
|   |   |   |   |   |   |   |--- feature_27 <= 2014.50
|   |   |   |   |   |   |   |   |--- feature_1 <= 0.50
|   |   |   |   |   |   |   |   |   |--- feature_6 <= 0.50
|   |   |   |   |   |   |   |   |   |   |--- feature_26 <= 0.50
|   |   |   |   |   |   |   |   |   |   |   |--- truncated branch of depth 7
|   |   |   |   |   |   |   |   |   |   |--- feature_26 >  0.50
|   |   |   |   |   |   |   |   |   |   |   |--- truncated branch of depth 2
|   |   |   |   |   |   |   |   |   |--- feature_6 >  0.50
|   |   |   |   |   |   |   |   |   |   |--- class: 1
|   |   |   |   |   |   |   |   |--- feature_1 >  0.50
|   |   |   |   |   |   |   |   |   |--- class: 1
|   |   |   |   |   |   |   |--- feature_27 >  2014.50
|   |   |   |   |   |   |   |   |--- feature_14 <= 0.50
|   |   |   |   |   |   |   |   |   |--- feature_28 <= 17.00
|   |   |   |   |   |   |   |   |   |   |--- feature_23 <= 0.50
|   |   |   |   |   |   |   |   |   |   |   |--- class: 0
|   |   |   |   |   |   |   |   |   |   |--- feature_23 >  0.50
|   |   |   |   |   |   |   |   |   |   |   |--- truncated branch of depth 2
|   |   |   |   |   |   |   |   |   |--- feature_28 >  17.00
|   |   |   |   |   |   |   |   |   |   |--- class: 0
|   |   |   |   |   |   |   |   |--- feature_14 >  0.50
|   |   |   |   |   |   |   |   |   |--- feature_28 <= 17.50
|   |   |   |   |   |   |   |   |   |   |--- feature_28 <= 16.50
|   |   |   |   |   |   |   |   |   |   |   |--- truncated branch of depth 2
|   |   |   |   |   |   |   |   |   |   |--- feature_28 >  16.50
|   |   |   |   |   |   |   |   |   |   |   |--- class: 0
|   |   |   |   |   |   |   |   |   |--- feature_28 >  17.50
|   |   |   |   |   |   |   |   |   |   |--- class: 1
|   |   |   |   |   |--- feature_19 >  0.50
|   |   |   |   |   |   |--- feature_28 <= 16.50
|   |   |   |   |   |   |   |--- feature_0 <= 0.50
|   |   |   |   |   |   |   |   |--- class: 0
|   |   |   |   |   |   |   |--- feature_0 >  0.50
|   |   |   |   |   |   |   |   |--- feature_27 <= 2013.50
|   |   |   |   |   |   |   |   |   |--- class: 0
|   |   |   |   |   |   |   |   |--- feature_27 >  2013.50
|   |   |   |   |   |   |   |   |   |--- feature_28 <= 15.50
|   |   |   |   |   |   |   |   |   |   |--- feature_27 <= 2015.00
|   |   |   |   |   |   |   |   |   |   |   |--- class: 0
|   |   |   |   |   |   |   |   |   |   |--- feature_27 >  2015.00
|   |   |   |   |   |   |   |   |   |   |   |--- class: 0
|   |   |   |   |   |   |   |   |   |--- feature_28 >  15.50
|   |   |   |   |   |   |   |   |   |   |--- class: 0
|   |   |   |   |   |   |--- feature_28 >  16.50
|   |   |   |   |   |   |   |--- feature_27 <= 2013.50
|   |   |   |   |   |   |   |   |--- feature_28 <= 17.50
|   |   |   |   |   |   |   |   |   |--- feature_0 <= 0.50
|   |   |   |   |   |   |   |   |   |   |--- class: 0
|   |   |   |   |   |   |   |   |   |--- feature_0 >  0.50
|   |   |   |   |   |   |   |   |   |   |--- class: 0
|   |   |   |   |   |   |   |   |--- feature_28 >  17.50
|   |   |   |   |   |   |   |   |   |--- feature_28 <= 18.50
|   |   |   |   |   |   |   |   |   |   |--- feature_3 <= 0.50
|   |   |   |   |   |   |   |   |   |   |   |--- class: 1
|   |   |   |   |   |   |   |   |   |   |--- feature_3 >  0.50
|   |   |   |   |   |   |   |   |   |   |   |--- class: 0
|   |   |   |   |   |   |   |   |   |--- feature_28 >  18.50
|   |   |   |   |   |   |   |   |   |   |--- feature_3 <= 0.50
|   |   |   |   |   |   |   |   |   |   |   |--- class: 0
|   |   |   |   |   |   |   |   |   |   |--- feature_3 >  0.50
|   |   |   |   |   |   |   |   |   |   |   |--- class: 0
|   |   |   |   |   |   |   |--- feature_27 >  2013.50
|   |   |   |   |   |   |   |   |--- feature_27 <= 2014.50
|   |   |   |   |   |   |   |   |   |--- class: 0
|   |   |   |   |   |   |   |   |--- feature_27 >  2014.50
|   |   |   |   |   |   |   |   |   |--- feature_3 <= 0.50
|   |   |   |   |   |   |   |   |   |   |--- feature_28 <= 17.50
|   |   |   |   |   |   |   |   |   |   |   |--- class: 0
|   |   |   |   |   |   |   |   |   |   |--- feature_28 >  17.50
|   |   |   |   |   |   |   |   |   |   |   |--- truncated branch of depth 2
|   |   |   |   |   |   |   |   |   |--- feature_3 >  0.50
|   |   |   |   |   |   |   |   |   |   |--- class: 0
|   |   |   |--- feature_20 >  0.50
|   |   |   |   |--- class: 1
|   |--- feature_28 >  19.50
|   |   |--- feature_11 <= 0.50
|   |   |   |--- feature_0 <= 0.50
|   |   |   |   |--- feature_27 <= 2005.50
|   |   |   |   |   |--- feature_27 <= 2001.00
|   |   |   |   |   |   |--- class: 0
|   |   |   |   |   |--- feature_27 >  2001.00
|   |   |   |   |   |   |--- feature_28 <= 20.50
|   |   |   |   |   |   |   |--- feature_15 <= 0.50
|   |   |   |   |   |   |   |   |--- feature_3 <= 0.50
|   |   |   |   |   |   |   |   |   |--- class: 0
|   |   |   |   |   |   |   |   |--- feature_3 >  0.50
|   |   |   |   |   |   |   |   |   |--- class: 1
|   |   |   |   |   |   |   |--- feature_15 >  0.50
|   |   |   |   |   |   |   |   |--- class: 1
|   |   |   |   |   |   |--- feature_28 >  20.50
|   |   |   |   |   |   |   |--- feature_28 <= 22.60
|   |   |   |   |   |   |   |   |--- feature_15 <= 0.50
|   |   |   |   |   |   |   |   |   |--- class: 0
|   |   |   |   |   |   |   |   |--- feature_15 >  0.50
|   |   |   |   |   |   |   |   |   |--- feature_28 <= 21.50
|   |   |   |   |   |   |   |   |   |   |--- class: 0
|   |   |   |   |   |   |   |   |   |--- feature_28 >  21.50
|   |   |   |   |   |   |   |   |   |   |--- class: 1
|   |   |   |   |   |   |   |--- feature_28 >  22.60
|   |   |   |   |   |   |   |   |--- feature_24 <= 0.50
|   |   |   |   |   |   |   |   |   |--- feature_28 <= 25.50
|   |   |   |   |   |   |   |   |   |   |--- feature_19 <= 0.50
|   |   |   |   |   |   |   |   |   |   |   |--- truncated branch of depth 4
|   |   |   |   |   |   |   |   |   |   |--- feature_19 >  0.50
|   |   |   |   |   |   |   |   |   |   |   |--- class: 0
|   |   |   |   |   |   |   |   |   |--- feature_28 >  25.50
|   |   |   |   |   |   |   |   |   |   |--- class: 0
|   |   |   |   |   |   |   |   |--- feature_24 >  0.50
|   |   |   |   |   |   |   |   |   |--- class: 1
|   |   |   |   |--- feature_27 >  2005.50
|   |   |   |   |   |--- feature_27 <= 2011.50
|   |   |   |   |   |   |--- feature_28 <= 26.50
|   |   |   |   |   |   |   |--- feature_1 <= 0.50
|   |   |   |   |   |   |   |   |--- feature_16 <= 0.50
|   |   |   |   |   |   |   |   |   |--- feature_6 <= 0.50
|   |   |   |   |   |   |   |   |   |   |--- feature_9 <= 0.50
|   |   |   |   |   |   |   |   |   |   |   |--- truncated branch of depth 14
|   |   |   |   |   |   |   |   |   |   |--- feature_9 >  0.50
|   |   |   |   |   |   |   |   |   |   |   |--- truncated branch of depth 4
|   |   |   |   |   |   |   |   |   |--- feature_6 >  0.50
|   |   |   |   |   |   |   |   |   |   |--- class: 0
|   |   |   |   |   |   |   |   |--- feature_16 >  0.50
|   |   |   |   |   |   |   |   |   |--- class: 1
|   |   |   |   |   |   |   |--- feature_1 >  0.50
|   |   |   |   |   |   |   |   |--- feature_27 <= 2007.50
|   |   |   |   |   |   |   |   |   |--- feature_28 <= 23.00
|   |   |   |   |   |   |   |   |   |   |--- feature_27 <= 2006.50
|   |   |   |   |   |   |   |   |   |   |   |--- class: 0
|   |   |   |   |   |   |   |   |   |   |--- feature_27 >  2006.50
|   |   |   |   |   |   |   |   |   |   |   |--- class: 0
|   |   |   |   |   |   |   |   |   |--- feature_28 >  23.00
|   |   |   |   |   |   |   |   |   |   |--- class: 1
|   |   |   |   |   |   |   |   |--- feature_27 >  2007.50
|   |   |   |   |   |   |   |   |   |--- feature_27 <= 2009.50
|   |   |   |   |   |   |   |   |   |   |--- feature_28 <= 23.50
|   |   |   |   |   |   |   |   |   |   |   |--- truncated branch of depth 3
|   |   |   |   |   |   |   |   |   |   |--- feature_28 >  23.50
|   |   |   |   |   |   |   |   |   |   |   |--- class: 0
|   |   |   |   |   |   |   |   |   |--- feature_27 >  2009.50
|   |   |   |   |   |   |   |   |   |   |--- class: 1
|   |   |   |   |   |   |--- feature_28 >  26.50
|   |   |   |   |   |   |   |--- feature_28 <= 28.10
|   |   |   |   |   |   |   |   |--- feature_27 <= 2007.50
|   |   |   |   |   |   |   |   |   |--- feature_28 <= 27.50
|   |   |   |   |   |   |   |   |   |   |--- feature_17 <= 0.50
|   |   |   |   |   |   |   |   |   |   |   |--- class: 1
|   |   |   |   |   |   |   |   |   |   |--- feature_17 >  0.50
|   |   |   |   |   |   |   |   |   |   |   |--- class: 0
|   |   |   |   |   |   |   |   |   |--- feature_28 >  27.50
|   |   |   |   |   |   |   |   |   |   |--- class: 1
|   |   |   |   |   |   |   |   |--- feature_27 >  2007.50
|   |   |   |   |   |   |   |   |   |--- class: 1
|   |   |   |   |   |   |   |--- feature_28 >  28.10
|   |   |   |   |   |   |   |   |--- class: 0
|   |   |   |   |   |--- feature_27 >  2011.50
|   |   |   |   |   |   |--- feature_5 <= 0.50
|   |   |   |   |   |   |   |--- feature_27 <= 2013.50
|   |   |   |   |   |   |   |   |--- feature_28 <= 20.50
|   |   |   |   |   |   |   |   |   |--- feature_1 <= 0.50
|   |   |   |   |   |   |   |   |   |   |--- class: 1
|   |   |   |   |   |   |   |   |   |--- feature_1 >  0.50
|   |   |   |   |   |   |   |   |   |   |--- feature_27 <= 2012.50
|   |   |   |   |   |   |   |   |   |   |   |--- class: 1
|   |   |   |   |   |   |   |   |   |   |--- feature_27 >  2012.50
|   |   |   |   |   |   |   |   |   |   |   |--- class: 0
|   |   |   |   |   |   |   |   |--- feature_28 >  20.50
|   |   |   |   |   |   |   |   |   |--- feature_7 <= 0.50
|   |   |   |   |   |   |   |   |   |   |--- feature_28 <= 25.50
|   |   |   |   |   |   |   |   |   |   |   |--- truncated branch of depth 4
|   |   |   |   |   |   |   |   |   |   |--- feature_28 >  25.50
|   |   |   |   |   |   |   |   |   |   |   |--- class: 1
|   |   |   |   |   |   |   |   |   |--- feature_7 >  0.50
|   |   |   |   |   |   |   |   |   |   |--- class: 0
|   |   |   |   |   |   |   |--- feature_27 >  2013.50
|   |   |   |   |   |   |   |   |--- feature_3 <= 0.50
|   |   |   |   |   |   |   |   |   |--- class: 1
|   |   |   |   |   |   |   |   |--- feature_3 >  0.50
|   |   |   |   |   |   |   |   |   |--- feature_28 <= 24.50
|   |   |   |   |   |   |   |   |   |   |--- feature_28 <= 21.50
|   |   |   |   |   |   |   |   |   |   |   |--- class: 0
|   |   |   |   |   |   |   |   |   |   |--- feature_28 >  21.50
|   |   |   |   |   |   |   |   |   |   |   |--- class: 0
|   |   |   |   |   |   |   |   |   |--- feature_28 >  24.50
|   |   |   |   |   |   |   |   |   |   |--- class: 1
|   |   |   |   |   |   |--- feature_5 >  0.50
|   |   |   |   |   |   |   |--- class: 1
|   |   |   |--- feature_0 >  0.50
|   |   |   |   |--- feature_27 <= 2012.50
|   |   |   |   |   |--- feature_27 <= 2006.50
|   |   |   |   |   |   |--- class: 0
|   |   |   |   |   |--- feature_27 >  2006.50
|   |   |   |   |   |   |--- feature_28 <= 20.50
|   |   |   |   |   |   |   |--- feature_27 <= 2009.50
|   |   |   |   |   |   |   |   |--- feature_27 <= 2007.50
|   |   |   |   |   |   |   |   |   |--- class: 0
|   |   |   |   |   |   |   |   |--- feature_27 >  2007.50
|   |   |   |   |   |   |   |   |   |--- feature_27 <= 2008.50
|   |   |   |   |   |   |   |   |   |   |--- class: 0
|   |   |   |   |   |   |   |   |   |--- feature_27 >  2008.50
|   |   |   |   |   |   |   |   |   |   |--- class: 0
|   |   |   |   |   |   |   |--- feature_27 >  2009.50
|   |   |   |   |   |   |   |   |--- feature_27 <= 2010.50
|   |   |   |   |   |   |   |   |   |--- class: 0
|   |   |   |   |   |   |   |   |--- feature_27 >  2010.50
|   |   |   |   |   |   |   |   |   |--- feature_27 <= 2011.50
|   |   |   |   |   |   |   |   |   |   |--- class: 0
|   |   |   |   |   |   |   |   |   |--- feature_27 >  2011.50
|   |   |   |   |   |   |   |   |   |   |--- class: 0
|   |   |   |   |   |   |--- feature_28 >  20.50
|   |   |   |   |   |   |   |--- feature_28 <= 21.20
|   |   |   |   |   |   |   |   |--- feature_27 <= 2009.00
|   |   |   |   |   |   |   |   |   |--- class: 0
|   |   |   |   |   |   |   |   |--- feature_27 >  2009.00
|   |   |   |   |   |   |   |   |   |--- class: 1
|   |   |   |   |   |   |   |--- feature_28 >  21.20
|   |   |   |   |   |   |   |   |--- feature_27 <= 2008.50
|   |   |   |   |   |   |   |   |   |--- class: 0
|   |   |   |   |   |   |   |   |--- feature_27 >  2008.50
|   |   |   |   |   |   |   |   |   |--- feature_27 <= 2010.50
|   |   |   |   |   |   |   |   |   |   |--- feature_28 <= 25.50
|   |   |   |   |   |   |   |   |   |   |   |--- truncated branch of depth 3
|   |   |   |   |   |   |   |   |   |   |--- feature_28 >  25.50
|   |   |   |   |   |   |   |   |   |   |   |--- class: 1
|   |   |   |   |   |   |   |   |   |--- feature_27 >  2010.50
|   |   |   |   |   |   |   |   |   |   |--- feature_28 <= 21.70
|   |   |   |   |   |   |   |   |   |   |   |--- class: 0
|   |   |   |   |   |   |   |   |   |   |--- feature_28 >  21.70
|   |   |   |   |   |   |   |   |   |   |   |--- truncated branch of depth 5
|   |   |   |   |--- feature_27 >  2012.50
|   |   |   |   |   |--- feature_28 <= 22.50
|   |   |   |   |   |   |--- feature_28 <= 21.50
|   |   |   |   |   |   |   |--- feature_27 <= 2013.50
|   |   |   |   |   |   |   |   |--- feature_28 <= 20.50
|   |   |   |   |   |   |   |   |   |--- class: 1
|   |   |   |   |   |   |   |   |--- feature_28 >  20.50
|   |   |   |   |   |   |   |   |   |--- class: 1
|   |   |   |   |   |   |   |--- feature_27 >  2013.50
|   |   |   |   |   |   |   |   |--- feature_28 <= 20.50
|   |   |   |   |   |   |   |   |   |--- feature_27 <= 2014.50
|   |   |   |   |   |   |   |   |   |   |--- class: 0
|   |   |   |   |   |   |   |   |   |--- feature_27 >  2014.50
|   |   |   |   |   |   |   |   |   |   |--- class: 0
|   |   |   |   |   |   |   |   |--- feature_28 >  20.50
|   |   |   |   |   |   |   |   |   |--- class: 0
|   |   |   |   |   |   |--- feature_28 >  21.50
|   |   |   |   |   |   |   |--- class: 0
|   |   |   |   |   |--- feature_28 >  22.50
|   |   |   |   |   |   |--- class: 1
|   |   |--- feature_11 >  0.50
|   |   |   |--- feature_21 <= 0.50
|   |   |   |   |--- feature_14 <= 0.50
|   |   |   |   |   |--- feature_28 <= 27.75
|   |   |   |   |   |   |--- feature_27 <= 2010.50
|   |   |   |   |   |   |   |--- feature_27 <= 2004.50
|   |   |   |   |   |   |   |   |--- feature_27 <= 1999.50
|   |   |   |   |   |   |   |   |   |--- feature_28 <= 24.50
|   |   |   |   |   |   |   |   |   |   |--- feature_28 <= 20.50
|   |   |   |   |   |   |   |   |   |   |   |--- truncated branch of depth 2
|   |   |   |   |   |   |   |   |   |   |--- feature_28 >  20.50
|   |   |   |   |   |   |   |   |   |   |   |--- class: 0
|   |   |   |   |   |   |   |   |   |--- feature_28 >  24.50
|   |   |   |   |   |   |   |   |   |   |--- feature_27 <= 1997.50
|   |   |   |   |   |   |   |   |   |   |   |--- class: 0
|   |   |   |   |   |   |   |   |   |   |--- feature_27 >  1997.50
|   |   |   |   |   |   |   |   |   |   |   |--- truncated branch of depth 2
|   |   |   |   |   |   |   |   |--- feature_27 >  1999.50
|   |   |   |   |   |   |   |   |   |--- feature_27 <= 2002.50
|   |   |   |   |   |   |   |   |   |   |--- class: 1
|   |   |   |   |   |   |   |   |   |--- feature_27 >  2002.50
|   |   |   |   |   |   |   |   |   |   |--- feature_27 <= 2003.50
|   |   |   |   |   |   |   |   |   |   |   |--- class: 0
|   |   |   |   |   |   |   |   |   |   |--- feature_27 >  2003.50
|   |   |   |   |   |   |   |   |   |   |   |--- truncated branch of depth 4
|   |   |   |   |   |   |   |--- feature_27 >  2004.50
|   |   |   |   |   |   |   |   |--- feature_18 <= 0.50
|   |   |   |   |   |   |   |   |   |--- feature_25 <= 0.50
|   |   |   |   |   |   |   |   |   |   |--- feature_28 <= 23.50
|   |   |   |   |   |   |   |   |   |   |   |--- class: 0
|   |   |   |   |   |   |   |   |   |   |--- feature_28 >  23.50
|   |   |   |   |   |   |   |   |   |   |   |--- truncated branch of depth 4
|   |   |   |   |   |   |   |   |   |--- feature_25 >  0.50
|   |   |   |   |   |   |   |   |   |   |--- feature_27 <= 2008.50
|   |   |   |   |   |   |   |   |   |   |   |--- truncated branch of depth 8
|   |   |   |   |   |   |   |   |   |   |--- feature_27 >  2008.50
|   |   |   |   |   |   |   |   |   |   |   |--- truncated branch of depth 8
|   |   |   |   |   |   |   |   |--- feature_18 >  0.50
|   |   |   |   |   |   |   |   |   |--- feature_28 <= 22.50
|   |   |   |   |   |   |   |   |   |   |--- class: 0
|   |   |   |   |   |   |   |   |   |--- feature_28 >  22.50
|   |   |   |   |   |   |   |   |   |   |--- class: 0
|   |   |   |   |   |   |--- feature_27 >  2010.50
|   |   |   |   |   |   |   |--- feature_27 <= 2014.50
|   |   |   |   |   |   |   |   |--- feature_28 <= 23.50
|   |   |   |   |   |   |   |   |   |--- feature_27 <= 2012.50
|   |   |   |   |   |   |   |   |   |   |--- feature_28 <= 20.50
|   |   |   |   |   |   |   |   |   |   |   |--- truncated branch of depth 5
|   |   |   |   |   |   |   |   |   |   |--- feature_28 >  20.50
|   |   |   |   |   |   |   |   |   |   |   |--- class: 0
|   |   |   |   |   |   |   |   |   |--- feature_27 >  2012.50
|   |   |   |   |   |   |   |   |   |   |--- feature_18 <= 0.50
|   |   |   |   |   |   |   |   |   |   |   |--- truncated branch of depth 5
|   |   |   |   |   |   |   |   |   |   |--- feature_18 >  0.50
|   |   |   |   |   |   |   |   |   |   |   |--- truncated branch of depth 3
|   |   |   |   |   |   |   |   |--- feature_28 >  23.50
|   |   |   |   |   |   |   |   |   |--- feature_28 <= 24.05
|   |   |   |   |   |   |   |   |   |   |--- feature_27 <= 2013.50
|   |   |   |   |   |   |   |   |   |   |   |--- truncated branch of depth 3
|   |   |   |   |   |   |   |   |   |   |--- feature_27 >  2013.50
|   |   |   |   |   |   |   |   |   |   |   |--- class: 0
|   |   |   |   |   |   |   |   |   |--- feature_28 >  24.05
|   |   |   |   |   |   |   |   |   |   |--- feature_23 <= 0.50
|   |   |   |   |   |   |   |   |   |   |   |--- truncated branch of depth 12
|   |   |   |   |   |   |   |   |   |   |--- feature_23 >  0.50
|   |   |   |   |   |   |   |   |   |   |   |--- truncated branch of depth 5
|   |   |   |   |   |   |   |--- feature_27 >  2014.50
|   |   |   |   |   |   |   |   |--- class: 0
|   |   |   |   |   |--- feature_28 >  27.75
|   |   |   |   |   |   |--- feature_18 <= 0.50
|   |   |   |   |   |   |   |--- feature_27 <= 2008.50
|   |   |   |   |   |   |   |   |--- feature_27 <= 2001.50
|   |   |   |   |   |   |   |   |   |--- class: 0
|   |   |   |   |   |   |   |   |--- feature_27 >  2001.50
|   |   |   |   |   |   |   |   |   |--- feature_27 <= 2004.50
|   |   |   |   |   |   |   |   |   |   |--- class: 0
|   |   |   |   |   |   |   |   |   |--- feature_27 >  2004.50
|   |   |   |   |   |   |   |   |   |   |--- feature_26 <= 0.50
|   |   |   |   |   |   |   |   |   |   |   |--- truncated branch of depth 3
|   |   |   |   |   |   |   |   |   |   |--- feature_26 >  0.50
|   |   |   |   |   |   |   |   |   |   |   |--- class: 0
|   |   |   |   |   |   |   |--- feature_27 >  2008.50
|   |   |   |   |   |   |   |   |--- feature_25 <= 0.50
|   |   |   |   |   |   |   |   |   |--- feature_27 <= 2012.50
|   |   |   |   |   |   |   |   |   |   |--- feature_27 <= 2009.50
|   |   |   |   |   |   |   |   |   |   |   |--- class: 0
|   |   |   |   |   |   |   |   |   |   |--- feature_27 >  2009.50
|   |   |   |   |   |   |   |   |   |   |   |--- truncated branch of depth 4
|   |   |   |   |   |   |   |   |   |--- feature_27 >  2012.50
|   |   |   |   |   |   |   |   |   |   |--- feature_27 <= 2014.50
|   |   |   |   |   |   |   |   |   |   |   |--- truncated branch of depth 4
|   |   |   |   |   |   |   |   |   |   |--- feature_27 >  2014.50
|   |   |   |   |   |   |   |   |   |   |   |--- class: 0
|   |   |   |   |   |   |   |   |--- feature_25 >  0.50
|   |   |   |   |   |   |   |   |   |--- feature_27 <= 2009.50
|   |   |   |   |   |   |   |   |   |   |--- class: 1
|   |   |   |   |   |   |   |   |   |--- feature_27 >  2009.50
|   |   |   |   |   |   |   |   |   |   |--- feature_27 <= 2010.50
|   |   |   |   |   |   |   |   |   |   |   |--- class: 0
|   |   |   |   |   |   |   |   |   |   |--- feature_27 >  2010.50
|   |   |   |   |   |   |   |   |   |   |   |--- class: 0
|   |   |   |   |   |   |--- feature_18 >  0.50
|   |   |   |   |   |   |   |--- feature_28 <= 28.15
|   |   |   |   |   |   |   |   |--- feature_27 <= 2012.50
|   |   |   |   |   |   |   |   |   |--- class: 1
|   |   |   |   |   |   |   |   |--- feature_27 >  2012.50
|   |   |   |   |   |   |   |   |   |--- feature_27 <= 2014.00
|   |   |   |   |   |   |   |   |   |   |--- class: 1
|   |   |   |   |   |   |   |   |   |--- feature_27 >  2014.00
|   |   |   |   |   |   |   |   |   |   |--- class: 1
|   |   |   |   |   |   |   |--- feature_28 >  28.15
|   |   |   |   |   |   |   |   |--- class: 0
|   |   |   |   |--- feature_14 >  0.50
|   |   |   |   |   |--- feature_27 <= 2011.00
|   |   |   |   |   |   |--- class: 0
|   |   |   |   |   |--- feature_27 >  2011.00
|   |   |   |   |   |   |--- feature_27 <= 2012.50
|   |   |   |   |   |   |   |--- feature_28 <= 24.50
|   |   |   |   |   |   |   |   |--- feature_28 <= 23.50
|   |   |   |   |   |   |   |   |   |--- feature_28 <= 21.00
|   |   |   |   |   |   |   |   |   |   |--- class: 1
|   |   |   |   |   |   |   |   |   |--- feature_28 >  21.00
|   |   |   |   |   |   |   |   |   |   |--- feature_28 <= 22.50
|   |   |   |   |   |   |   |   |   |   |   |--- class: 0
|   |   |   |   |   |   |   |   |   |   |--- feature_28 >  22.50
|   |   |   |   |   |   |   |   |   |   |   |--- class: 1
|   |   |   |   |   |   |   |   |--- feature_28 >  23.50
|   |   |   |   |   |   |   |   |   |--- class: 0
|   |   |   |   |   |   |   |--- feature_28 >  24.50
|   |   |   |   |   |   |   |   |--- class: 1
|   |   |   |   |   |   |--- feature_27 >  2012.50
|   |   |   |   |   |   |   |--- feature_28 <= 24.50
|   |   |   |   |   |   |   |   |--- feature_28 <= 21.50
|   |   |   |   |   |   |   |   |   |--- feature_27 <= 2014.50
|   |   |   |   |   |   |   |   |   |   |--- feature_28 <= 20.50
|   |   |   |   |   |   |   |   |   |   |   |--- truncated branch of depth 2
|   |   |   |   |   |   |   |   |   |   |--- feature_28 >  20.50
|   |   |   |   |   |   |   |   |   |   |   |--- truncated branch of depth 2
|   |   |   |   |   |   |   |   |   |--- feature_27 >  2014.50
|   |   |   |   |   |   |   |   |   |   |--- feature_27 <= 2015.50
|   |   |   |   |   |   |   |   |   |   |   |--- class: 1
|   |   |   |   |   |   |   |   |   |   |--- feature_27 >  2015.50
|   |   |   |   |   |   |   |   |   |   |   |--- class: 1
|   |   |   |   |   |   |   |   |--- feature_28 >  21.50
|   |   |   |   |   |   |   |   |   |--- feature_28 <= 22.50
|   |   |   |   |   |   |   |   |   |   |--- feature_27 <= 2013.50
|   |   |   |   |   |   |   |   |   |   |   |--- class: 0
|   |   |   |   |   |   |   |   |   |   |--- feature_27 >  2013.50
|   |   |   |   |   |   |   |   |   |   |   |--- truncated branch of depth 2
|   |   |   |   |   |   |   |   |   |--- feature_28 >  22.50
|   |   |   |   |   |   |   |   |   |   |--- class: 0
|   |   |   |   |   |   |   |--- feature_28 >  24.50
|   |   |   |   |   |   |   |   |--- feature_27 <= 2015.50
|   |   |   |   |   |   |   |   |   |--- feature_27 <= 2014.50
|   |   |   |   |   |   |   |   |   |   |--- feature_28 <= 27.00
|   |   |   |   |   |   |   |   |   |   |   |--- truncated branch of depth 3
|   |   |   |   |   |   |   |   |   |   |--- feature_28 >  27.00
|   |   |   |   |   |   |   |   |   |   |   |--- truncated branch of depth 2
|   |   |   |   |   |   |   |   |   |--- feature_27 >  2014.50
|   |   |   |   |   |   |   |   |   |   |--- class: 1
|   |   |   |   |   |   |   |   |--- feature_27 >  2015.50
|   |   |   |   |   |   |   |   |   |--- class: 0
|   |   |   |--- feature_21 >  0.50
|   |   |   |   |--- feature_28 <= 26.50
|   |   |   |   |   |--- feature_28 <= 24.50
|   |   |   |   |   |   |--- feature_27 <= 2007.50
|   |   |   |   |   |   |   |--- feature_28 <= 20.50
|   |   |   |   |   |   |   |   |--- feature_27 <= 2005.50
|   |   |   |   |   |   |   |   |   |--- class: 1
|   |   |   |   |   |   |   |   |--- feature_27 >  2005.50
|   |   |   |   |   |   |   |   |   |--- class: 0
|   |   |   |   |   |   |   |--- feature_28 >  20.50
|   |   |   |   |   |   |   |   |--- class: 0
|   |   |   |   |   |   |--- feature_27 >  2007.50
|   |   |   |   |   |   |   |--- feature_28 <= 23.50
|   |   |   |   |   |   |   |   |--- feature_28 <= 22.50
|   |   |   |   |   |   |   |   |   |--- feature_27 <= 2010.50
|   |   |   |   |   |   |   |   |   |   |--- feature_28 <= 21.00
|   |   |   |   |   |   |   |   |   |   |   |--- truncated branch of depth 3
|   |   |   |   |   |   |   |   |   |   |--- feature_28 >  21.00
|   |   |   |   |   |   |   |   |   |   |   |--- class: 1
|   |   |   |   |   |   |   |   |   |--- feature_27 >  2010.50
|   |   |   |   |   |   |   |   |   |   |--- feature_28 <= 21.00
|   |   |   |   |   |   |   |   |   |   |   |--- class: 1
|   |   |   |   |   |   |   |   |   |   |--- feature_28 >  21.00
|   |   |   |   |   |   |   |   |   |   |   |--- class: 0
|   |   |   |   |   |   |   |   |--- feature_28 >  22.50
|   |   |   |   |   |   |   |   |   |--- class: 1
|   |   |   |   |   |   |   |--- feature_28 >  23.50
|   |   |   |   |   |   |   |   |--- feature_27 <= 2009.50
|   |   |   |   |   |   |   |   |   |--- class: 0
|   |   |   |   |   |   |   |   |--- feature_27 >  2009.50
|   |   |   |   |   |   |   |   |   |--- class: 0
|   |   |   |   |   |--- feature_28 >  24.50
|   |   |   |   |   |   |--- feature_27 <= 2008.50
|   |   |   |   |   |   |   |--- feature_27 <= 2000.50
|   |   |   |   |   |   |   |   |--- class: 1
|   |   |   |   |   |   |   |--- feature_27 >  2000.50
|   |   |   |   |   |   |   |   |--- feature_27 <= 2007.50
|   |   |   |   |   |   |   |   |   |--- feature_27 <= 2004.50
|   |   |   |   |   |   |   |   |   |   |--- feature_28 <= 25.50
|   |   |   |   |   |   |   |   |   |   |   |--- class: 0
|   |   |   |   |   |   |   |   |   |   |--- feature_28 >  25.50
|   |   |   |   |   |   |   |   |   |   |   |--- class: 1
|   |   |   |   |   |   |   |   |   |--- feature_27 >  2004.50
|   |   |   |   |   |   |   |   |   |   |--- feature_28 <= 25.50
|   |   |   |   |   |   |   |   |   |   |   |--- truncated branch of depth 2
|   |   |   |   |   |   |   |   |   |   |--- feature_28 >  25.50
|   |   |   |   |   |   |   |   |   |   |   |--- class: 0
|   |   |   |   |   |   |   |   |--- feature_27 >  2007.50
|   |   |   |   |   |   |   |   |   |--- class: 0
|   |   |   |   |   |   |--- feature_27 >  2008.50
|   |   |   |   |   |   |   |--- feature_28 <= 25.50
|   |   |   |   |   |   |   |   |--- feature_27 <= 2010.50
|   |   |   |   |   |   |   |   |   |--- feature_27 <= 2009.50
|   |   |   |   |   |   |   |   |   |   |--- class: 1
|   |   |   |   |   |   |   |   |   |--- feature_27 >  2009.50
|   |   |   |   |   |   |   |   |   |   |--- class: 1
|   |   |   |   |   |   |   |   |--- feature_27 >  2010.50
|   |   |   |   |   |   |   |   |   |--- feature_27 <= 2011.50
|   |   |   |   |   |   |   |   |   |   |--- class: 0
|   |   |   |   |   |   |   |   |   |--- feature_27 >  2011.50
|   |   |   |   |   |   |   |   |   |   |--- class: 1
|   |   |   |   |   |   |   |--- feature_28 >  25.50
|   |   |   |   |   |   |   |   |--- class: 1
|   |   |   |   |--- feature_28 >  26.50
|   |   |   |   |   |--- feature_27 <= 2009.50
|   |   |   |   |   |   |--- feature_27 <= 2005.50
|   |   |   |   |   |   |   |--- feature_27 <= 2003.50
|   |   |   |   |   |   |   |   |--- class: 0
|   |   |   |   |   |   |   |--- feature_27 >  2003.50
|   |   |   |   |   |   |   |   |--- feature_28 <= 27.50
|   |   |   |   |   |   |   |   |   |--- class: 1
|   |   |   |   |   |   |   |   |--- feature_28 >  27.50
|   |   |   |   |   |   |   |   |   |--- feature_27 <= 2004.50
|   |   |   |   |   |   |   |   |   |   |--- class: 1
|   |   |   |   |   |   |   |   |   |--- feature_27 >  2004.50
|   |   |   |   |   |   |   |   |   |   |--- class: 0
|   |   |   |   |   |   |--- feature_27 >  2005.50
|   |   |   |   |   |   |   |--- feature_27 <= 2007.50
|   |   |   |   |   |   |   |   |--- class: 0
|   |   |   |   |   |   |   |--- feature_27 >  2007.50
|   |   |   |   |   |   |   |   |--- feature_27 <= 2008.50
|   |   |   |   |   |   |   |   |   |--- class: 1
|   |   |   |   |   |   |   |   |--- feature_27 >  2008.50
|   |   |   |   |   |   |   |   |   |--- class: 0
|   |   |   |   |   |--- feature_27 >  2009.50
|   |   |   |   |   |   |--- feature_27 <= 2012.50
|   |   |   |   |   |   |   |--- feature_27 <= 2011.00
|   |   |   |   |   |   |   |   |--- class: 0
|   |   |   |   |   |   |   |--- feature_27 >  2011.00
|   |   |   |   |   |   |   |   |--- feature_28 <= 27.50
|   |   |   |   |   |   |   |   |   |--- class: 0
|   |   |   |   |   |   |   |   |--- feature_28 >  27.50
|   |   |   |   |   |   |   |   |   |--- feature_28 <= 28.20
|   |   |   |   |   |   |   |   |   |   |--- class: 0
|   |   |   |   |   |   |   |   |   |--- feature_28 >  28.20
|   |   |   |   |   |   |   |   |   |   |--- class: 0
|   |   |   |   |   |   |--- feature_27 >  2012.50
|   |   |   |   |   |   |   |--- class: 0
|--- feature_28 >  28.70
|   |--- feature_28 <= 42.30
|   |   |--- feature_25 <= 0.50
|   |   |   |--- feature_26 <= 0.50
|   |   |   |   |--- feature_27 <= 2011.50
|   |   |   |   |   |--- feature_28 <= 41.50
|   |   |   |   |   |   |--- feature_24 <= 0.50
|   |   |   |   |   |   |   |--- feature_9 <= 0.50
|   |   |   |   |   |   |   |   |--- feature_17 <= 0.50
|   |   |   |   |   |   |   |   |   |--- feature_27 <= 2003.50
|   |   |   |   |   |   |   |   |   |   |--- feature_28 <= 40.50
|   |   |   |   |   |   |   |   |   |   |   |--- truncated branch of depth 5
|   |   |   |   |   |   |   |   |   |   |--- feature_28 >  40.50
|   |   |   |   |   |   |   |   |   |   |   |--- class: 1
|   |   |   |   |   |   |   |   |   |--- feature_27 >  2003.50
|   |   |   |   |   |   |   |   |   |   |--- feature_12 <= 0.50
|   |   |   |   |   |   |   |   |   |   |   |--- truncated branch of depth 15
|   |   |   |   |   |   |   |   |   |   |--- feature_12 >  0.50
|   |   |   |   |   |   |   |   |   |   |   |--- truncated branch of depth 3
|   |   |   |   |   |   |   |   |--- feature_17 >  0.50
|   |   |   |   |   |   |   |   |   |--- feature_28 <= 39.00
|   |   |   |   |   |   |   |   |   |   |--- class: 0
|   |   |   |   |   |   |   |   |   |--- feature_28 >  39.00
|   |   |   |   |   |   |   |   |   |   |--- class: 1
|   |   |   |   |   |   |   |--- feature_9 >  0.50
|   |   |   |   |   |   |   |   |--- feature_27 <= 2007.50
|   |   |   |   |   |   |   |   |   |--- feature_27 <= 2006.00
|   |   |   |   |   |   |   |   |   |   |--- class: 1
|   |   |   |   |   |   |   |   |   |--- feature_27 >  2006.00
|   |   |   |   |   |   |   |   |   |   |--- class: 0
|   |   |   |   |   |   |   |   |--- feature_27 >  2007.50
|   |   |   |   |   |   |   |   |   |--- class: 1
|   |   |   |   |   |   |--- feature_24 >  0.50
|   |   |   |   |   |   |   |--- feature_27 <= 2004.50
|   |   |   |   |   |   |   |   |--- feature_28 <= 38.00
|   |   |   |   |   |   |   |   |   |--- class: 1
|   |   |   |   |   |   |   |   |--- feature_28 >  38.00
|   |   |   |   |   |   |   |   |   |--- class: 0
|   |   |   |   |   |   |   |--- feature_27 >  2004.50
|   |   |   |   |   |   |   |   |--- class: 0
|   |   |   |   |   |--- feature_28 >  41.50
|   |   |   |   |   |   |--- feature_12 <= 0.50
|   |   |   |   |   |   |   |--- feature_3 <= 0.50
|   |   |   |   |   |   |   |   |--- feature_27 <= 2010.00
|   |   |   |   |   |   |   |   |   |--- feature_27 <= 2007.50
|   |   |   |   |   |   |   |   |   |   |--- class: 1
|   |   |   |   |   |   |   |   |   |--- feature_27 >  2007.50
|   |   |   |   |   |   |   |   |   |   |--- feature_27 <= 2008.50
|   |   |   |   |   |   |   |   |   |   |   |--- class: 1
|   |   |   |   |   |   |   |   |   |   |--- feature_27 >  2008.50
|   |   |   |   |   |   |   |   |   |   |   |--- class: 1
|   |   |   |   |   |   |   |   |--- feature_27 >  2010.00
|   |   |   |   |   |   |   |   |   |--- feature_18 <= 0.50
|   |   |   |   |   |   |   |   |   |   |--- class: 0
|   |   |   |   |   |   |   |   |   |--- feature_18 >  0.50
|   |   |   |   |   |   |   |   |   |   |--- class: 1
|   |   |   |   |   |   |   |--- feature_3 >  0.50
|   |   |   |   |   |   |   |   |--- class: 0
|   |   |   |   |   |   |--- feature_12 >  0.50
|   |   |   |   |   |   |   |--- class: 0
|   |   |   |   |--- feature_27 >  2011.50
|   |   |   |   |   |--- feature_1 <= 0.50
|   |   |   |   |   |   |--- feature_6 <= 0.50
|   |   |   |   |   |   |   |--- feature_11 <= 0.50
|   |   |   |   |   |   |   |   |--- feature_28 <= 35.50
|   |   |   |   |   |   |   |   |   |--- feature_27 <= 2012.50
|   |   |   |   |   |   |   |   |   |   |--- class: 1
|   |   |   |   |   |   |   |   |   |--- feature_27 >  2012.50
|   |   |   |   |   |   |   |   |   |   |--- feature_19 <= 0.50
|   |   |   |   |   |   |   |   |   |   |   |--- class: 1
|   |   |   |   |   |   |   |   |   |   |--- feature_19 >  0.50
|   |   |   |   |   |   |   |   |   |   |   |--- truncated branch of depth 3
|   |   |   |   |   |   |   |   |--- feature_28 >  35.50
|   |   |   |   |   |   |   |   |   |--- class: 1
|   |   |   |   |   |   |   |--- feature_11 >  0.50
|   |   |   |   |   |   |   |   |--- feature_28 <= 29.95
|   |   |   |   |   |   |   |   |   |--- feature_14 <= 0.50
|   |   |   |   |   |   |   |   |   |   |--- class: 0
|   |   |   |   |   |   |   |   |   |--- feature_14 >  0.50
|   |   |   |   |   |   |   |   |   |   |--- feature_27 <= 2012.50
|   |   |   |   |   |   |   |   |   |   |   |--- class: 1
|   |   |   |   |   |   |   |   |   |   |--- feature_27 >  2012.50
|   |   |   |   |   |   |   |   |   |   |   |--- class: 0
|   |   |   |   |   |   |   |   |--- feature_28 >  29.95
|   |   |   |   |   |   |   |   |   |--- feature_28 <= 31.50
|   |   |   |   |   |   |   |   |   |   |--- feature_14 <= 0.50
|   |   |   |   |   |   |   |   |   |   |   |--- truncated branch of depth 6
|   |   |   |   |   |   |   |   |   |   |--- feature_14 >  0.50
|   |   |   |   |   |   |   |   |   |   |   |--- truncated branch of depth 3
|   |   |   |   |   |   |   |   |   |--- feature_28 >  31.50
|   |   |   |   |   |   |   |   |   |   |--- feature_28 <= 36.50
|   |   |   |   |   |   |   |   |   |   |   |--- truncated branch of depth 8
|   |   |   |   |   |   |   |   |   |   |--- feature_28 >  36.50
|   |   |   |   |   |   |   |   |   |   |   |--- truncated branch of depth 8
|   |   |   |   |   |   |--- feature_6 >  0.50
|   |   |   |   |   |   |   |--- class: 0
|   |   |   |   |   |--- feature_1 >  0.50
|   |   |   |   |   |   |--- class: 1
|   |   |   |--- feature_26 >  0.50
|   |   |   |   |--- feature_27 <= 2012.50
|   |   |   |   |   |--- feature_28 <= 31.50
|   |   |   |   |   |   |--- feature_28 <= 29.50
|   |   |   |   |   |   |   |--- feature_27 <= 2009.00
|   |   |   |   |   |   |   |   |--- class: 1
|   |   |   |   |   |   |   |--- feature_27 >  2009.00
|   |   |   |   |   |   |   |   |--- feature_27 <= 2011.50
|   |   |   |   |   |   |   |   |   |--- class: 0
|   |   |   |   |   |   |   |   |--- feature_27 >  2011.50
|   |   |   |   |   |   |   |   |   |--- class: 1
|   |   |   |   |   |   |--- feature_28 >  29.50
|   |   |   |   |   |   |   |--- feature_27 <= 2011.50
|   |   |   |   |   |   |   |   |--- class: 0
|   |   |   |   |   |   |   |--- feature_27 >  2011.50
|   |   |   |   |   |   |   |   |--- feature_28 <= 30.35
|   |   |   |   |   |   |   |   |   |--- class: 0
|   |   |   |   |   |   |   |   |--- feature_28 >  30.35
|   |   |   |   |   |   |   |   |   |--- class: 0
|   |   |   |   |   |--- feature_28 >  31.50
|   |   |   |   |   |   |--- feature_27 <= 2009.50
|   |   |   |   |   |   |   |--- feature_28 <= 37.00
|   |   |   |   |   |   |   |   |--- feature_28 <= 34.00
|   |   |   |   |   |   |   |   |   |--- class: 0
|   |   |   |   |   |   |   |   |--- feature_28 >  34.00
|   |   |   |   |   |   |   |   |   |--- feature_27 <= 2008.50
|   |   |   |   |   |   |   |   |   |   |--- feature_27 <= 2007.00
|   |   |   |   |   |   |   |   |   |   |   |--- class: 1
|   |   |   |   |   |   |   |   |   |   |--- feature_27 >  2007.00
|   |   |   |   |   |   |   |   |   |   |   |--- class: 0
|   |   |   |   |   |   |   |   |   |--- feature_27 >  2008.50
|   |   |   |   |   |   |   |   |   |   |--- class: 1
|   |   |   |   |   |   |   |--- feature_28 >  37.00
|   |   |   |   |   |   |   |   |--- class: 0
|   |   |   |   |   |   |--- feature_27 >  2009.50
|   |   |   |   |   |   |   |--- feature_28 <= 37.50
|   |   |   |   |   |   |   |   |--- feature_28 <= 33.00
|   |   |   |   |   |   |   |   |   |--- feature_27 <= 2011.50
|   |   |   |   |   |   |   |   |   |   |--- class: 1
|   |   |   |   |   |   |   |   |   |--- feature_27 >  2011.50
|   |   |   |   |   |   |   |   |   |   |--- class: 0
|   |   |   |   |   |   |   |   |--- feature_28 >  33.00
|   |   |   |   |   |   |   |   |   |--- feature_28 <= 35.50
|   |   |   |   |   |   |   |   |   |   |--- feature_27 <= 2011.50
|   |   |   |   |   |   |   |   |   |   |   |--- truncated branch of depth 2
|   |   |   |   |   |   |   |   |   |   |--- feature_27 >  2011.50
|   |   |   |   |   |   |   |   |   |   |   |--- truncated branch of depth 2
|   |   |   |   |   |   |   |   |   |--- feature_28 >  35.50
|   |   |   |   |   |   |   |   |   |   |--- feature_28 <= 36.50
|   |   |   |   |   |   |   |   |   |   |   |--- truncated branch of depth 2
|   |   |   |   |   |   |   |   |   |   |--- feature_28 >  36.50
|   |   |   |   |   |   |   |   |   |   |   |--- class: 0
|   |   |   |   |   |   |   |--- feature_28 >  37.50
|   |   |   |   |   |   |   |   |--- feature_27 <= 2011.50
|   |   |   |   |   |   |   |   |   |--- feature_28 <= 39.50
|   |   |   |   |   |   |   |   |   |   |--- class: 0
|   |   |   |   |   |   |   |   |   |--- feature_28 >  39.50
|   |   |   |   |   |   |   |   |   |   |--- feature_28 <= 41.00
|   |   |   |   |   |   |   |   |   |   |   |--- truncated branch of depth 2
|   |   |   |   |   |   |   |   |   |   |--- feature_28 >  41.00
|   |   |   |   |   |   |   |   |   |   |   |--- class: 0
|   |   |   |   |   |   |   |   |--- feature_27 >  2011.50
|   |   |   |   |   |   |   |   |   |--- feature_28 <= 39.00
|   |   |   |   |   |   |   |   |   |   |--- class: 1
|   |   |   |   |   |   |   |   |   |--- feature_28 >  39.00
|   |   |   |   |   |   |   |   |   |   |--- feature_28 <= 41.00
|   |   |   |   |   |   |   |   |   |   |   |--- class: 0
|   |   |   |   |   |   |   |   |   |   |--- feature_28 >  41.00
|   |   |   |   |   |   |   |   |   |   |   |--- class: 1
|   |   |   |   |--- feature_27 >  2012.50
|   |   |   |   |   |--- feature_28 <= 38.50
|   |   |   |   |   |   |--- feature_27 <= 2014.50
|   |   |   |   |   |   |   |--- feature_27 <= 2013.50
|   |   |   |   |   |   |   |   |--- feature_28 <= 35.50
|   |   |   |   |   |   |   |   |   |--- feature_28 <= 30.35
|   |   |   |   |   |   |   |   |   |   |--- feature_28 <= 29.50
|   |   |   |   |   |   |   |   |   |   |   |--- class: 1
|   |   |   |   |   |   |   |   |   |   |--- feature_28 >  29.50
|   |   |   |   |   |   |   |   |   |   |   |--- class: 1
|   |   |   |   |   |   |   |   |   |--- feature_28 >  30.35
|   |   |   |   |   |   |   |   |   |   |--- feature_28 <= 31.35
|   |   |   |   |   |   |   |   |   |   |   |--- class: 0
|   |   |   |   |   |   |   |   |   |   |--- feature_28 >  31.35
|   |   |   |   |   |   |   |   |   |   |   |--- truncated branch of depth 3
|   |   |   |   |   |   |   |   |--- feature_28 >  35.50
|   |   |   |   |   |   |   |   |   |--- feature_28 <= 37.00
|   |   |   |   |   |   |   |   |   |   |--- class: 0
|   |   |   |   |   |   |   |   |   |--- feature_28 >  37.00
|   |   |   |   |   |   |   |   |   |   |--- class: 0
|   |   |   |   |   |   |   |--- feature_27 >  2013.50
|   |   |   |   |   |   |   |   |--- feature_28 <= 34.50
|   |   |   |   |   |   |   |   |   |--- feature_28 <= 31.00
|   |   |   |   |   |   |   |   |   |   |--- class: 0
|   |   |   |   |   |   |   |   |   |--- feature_28 >  31.00
|   |   |   |   |   |   |   |   |   |   |--- class: 0
|   |   |   |   |   |   |   |   |--- feature_28 >  34.50
|   |   |   |   |   |   |   |   |   |--- feature_28 <= 36.50
|   |   |   |   |   |   |   |   |   |   |--- feature_28 <= 35.50
|   |   |   |   |   |   |   |   |   |   |   |--- class: 0
|   |   |   |   |   |   |   |   |   |   |--- feature_28 >  35.50
|   |   |   |   |   |   |   |   |   |   |   |--- class: 1
|   |   |   |   |   |   |   |   |   |--- feature_28 >  36.50
|   |   |   |   |   |   |   |   |   |   |--- feature_28 <= 37.50
|   |   |   |   |   |   |   |   |   |   |   |--- class: 0
|   |   |   |   |   |   |   |   |   |   |--- feature_28 >  37.50
|   |   |   |   |   |   |   |   |   |   |   |--- class: 0
|   |   |   |   |   |   |--- feature_27 >  2014.50
|   |   |   |   |   |   |   |--- class: 1
|   |   |   |   |   |--- feature_28 >  38.50
|   |   |   |   |   |   |--- feature_28 <= 41.00
|   |   |   |   |   |   |   |--- feature_28 <= 39.50
|   |   |   |   |   |   |   |   |--- class: 1
|   |   |   |   |   |   |   |--- feature_28 >  39.50
|   |   |   |   |   |   |   |   |--- feature_27 <= 2013.50
|   |   |   |   |   |   |   |   |   |--- class: 1
|   |   |   |   |   |   |   |   |--- feature_27 >  2013.50
|   |   |   |   |   |   |   |   |   |--- class: 1
|   |   |   |   |   |   |--- feature_28 >  41.00
|   |   |   |   |   |   |   |--- class: 0
|   |   |--- feature_25 >  0.50
|   |   |   |--- feature_27 <= 1997.50
|   |   |   |   |--- feature_27 <= 1996.50
|   |   |   |   |   |--- class: 0
|   |   |   |   |--- feature_27 >  1996.50
|   |   |   |   |   |--- feature_28 <= 40.50
|   |   |   |   |   |   |--- feature_28 <= 39.50
|   |   |   |   |   |   |   |--- feature_28 <= 38.00
|   |   |   |   |   |   |   |   |--- feature_28 <= 32.50
|   |   |   |   |   |   |   |   |   |--- class: 1
|   |   |   |   |   |   |   |   |--- feature_28 >  32.50
|   |   |   |   |   |   |   |   |   |--- feature_28 <= 35.50
|   |   |   |   |   |   |   |   |   |   |--- class: 1
|   |   |   |   |   |   |   |   |   |--- feature_28 >  35.50
|   |   |   |   |   |   |   |   |   |   |--- class: 1
|   |   |   |   |   |   |   |--- feature_28 >  38.00
|   |   |   |   |   |   |   |   |--- class: 1
|   |   |   |   |   |   |--- feature_28 >  39.50
|   |   |   |   |   |   |   |--- class: 1
|   |   |   |   |   |--- feature_28 >  40.50
|   |   |   |   |   |   |--- feature_28 <= 41.50
|   |   |   |   |   |   |   |--- class: 0
|   |   |   |   |   |   |--- feature_28 >  41.50
|   |   |   |   |   |   |   |--- class: 1
|   |   |   |--- feature_27 >  1997.50
|   |   |   |   |--- feature_28 <= 39.20
|   |   |   |   |   |--- feature_3 <= 0.50
|   |   |   |   |   |   |--- feature_28 <= 34.50
|   |   |   |   |   |   |   |--- feature_28 <= 33.50
|   |   |   |   |   |   |   |   |--- feature_27 <= 2006.50
|   |   |   |   |   |   |   |   |   |--- feature_27 <= 2005.50
|   |   |   |   |   |   |   |   |   |   |--- feature_28 <= 31.25
|   |   |   |   |   |   |   |   |   |   |   |--- truncated branch of depth 7
|   |   |   |   |   |   |   |   |   |   |--- feature_28 >  31.25
|   |   |   |   |   |   |   |   |   |   |   |--- truncated branch of depth 3
|   |   |   |   |   |   |   |   |   |--- feature_27 >  2005.50
|   |   |   |   |   |   |   |   |   |   |--- feature_28 <= 30.50
|   |   |   |   |   |   |   |   |   |   |   |--- truncated branch of depth 3
|   |   |   |   |   |   |   |   |   |   |--- feature_28 >  30.50
|   |   |   |   |   |   |   |   |   |   |   |--- class: 0
|   |   |   |   |   |   |   |   |--- feature_27 >  2006.50
|   |   |   |   |   |   |   |   |   |--- feature_28 <= 29.50
|   |   |   |   |   |   |   |   |   |   |--- class: 0
|   |   |   |   |   |   |   |   |   |--- feature_28 >  29.50
|   |   |   |   |   |   |   |   |   |   |--- feature_27 <= 2009.50
|   |   |   |   |   |   |   |   |   |   |   |--- truncated branch of depth 5
|   |   |   |   |   |   |   |   |   |   |--- feature_27 >  2009.50
|   |   |   |   |   |   |   |   |   |   |   |--- truncated branch of depth 3
|   |   |   |   |   |   |   |--- feature_28 >  33.50
|   |   |   |   |   |   |   |   |--- feature_27 <= 2007.50
|   |   |   |   |   |   |   |   |   |--- class: 0
|   |   |   |   |   |   |   |   |--- feature_27 >  2007.50
|   |   |   |   |   |   |   |   |   |--- feature_27 <= 2008.50
|   |   |   |   |   |   |   |   |   |   |--- class: 0
|   |   |   |   |   |   |   |   |   |--- feature_27 >  2008.50
|   |   |   |   |   |   |   |   |   |   |--- class: 0
|   |   |   |   |   |   |--- feature_28 >  34.50
|   |   |   |   |   |   |   |--- feature_28 <= 35.50
|   |   |   |   |   |   |   |   |--- feature_27 <= 1999.50
|   |   |   |   |   |   |   |   |   |--- class: 0
|   |   |   |   |   |   |   |   |--- feature_27 >  1999.50
|   |   |   |   |   |   |   |   |   |--- feature_6 <= 0.50
|   |   |   |   |   |   |   |   |   |   |--- feature_27 <= 2001.50
|   |   |   |   |   |   |   |   |   |   |   |--- class: 1
|   |   |   |   |   |   |   |   |   |   |--- feature_27 >  2001.50
|   |   |   |   |   |   |   |   |   |   |   |--- truncated branch of depth 5
|   |   |   |   |   |   |   |   |   |--- feature_6 >  0.50
|   |   |   |   |   |   |   |   |   |   |--- class: 1
|   |   |   |   |   |   |   |--- feature_28 >  35.50
|   |   |   |   |   |   |   |   |--- feature_27 <= 2005.50
|   |   |   |   |   |   |   |   |   |--- feature_27 <= 2004.50
|   |   |   |   |   |   |   |   |   |   |--- class: 0
|   |   |   |   |   |   |   |   |   |--- feature_27 >  2004.50
|   |   |   |   |   |   |   |   |   |   |--- feature_28 <= 38.50
|   |   |   |   |   |   |   |   |   |   |   |--- truncated branch of depth 2
|   |   |   |   |   |   |   |   |   |   |--- feature_28 >  38.50
|   |   |   |   |   |   |   |   |   |   |   |--- class: 0
|   |   |   |   |   |   |   |   |--- feature_27 >  2005.50
|   |   |   |   |   |   |   |   |   |--- feature_27 <= 2006.50
|   |   |   |   |   |   |   |   |   |   |--- feature_28 <= 37.00
|   |   |   |   |   |   |   |   |   |   |   |--- class: 0
|   |   |   |   |   |   |   |   |   |   |--- feature_28 >  37.00
|   |   |   |   |   |   |   |   |   |   |   |--- truncated branch of depth 2
|   |   |   |   |   |   |   |   |   |--- feature_27 >  2006.50
|   |   |   |   |   |   |   |   |   |   |--- feature_6 <= 0.50
|   |   |   |   |   |   |   |   |   |   |   |--- truncated branch of depth 8
|   |   |   |   |   |   |   |   |   |   |--- feature_6 >  0.50
|   |   |   |   |   |   |   |   |   |   |   |--- class: 0
|   |   |   |   |   |--- feature_3 >  0.50
|   |   |   |   |   |   |--- class: 1
|   |   |   |   |--- feature_28 >  39.20
|   |   |   |   |   |--- feature_27 <= 2009.50
|   |   |   |   |   |   |--- feature_27 <= 2005.50
|   |   |   |   |   |   |   |--- feature_28 <= 40.50
|   |   |   |   |   |   |   |   |--- feature_27 <= 2004.50
|   |   |   |   |   |   |   |   |   |--- class: 1
|   |   |   |   |   |   |   |   |--- feature_27 >  2004.50
|   |   |   |   |   |   |   |   |   |--- feature_28 <= 39.70
|   |   |   |   |   |   |   |   |   |   |--- class: 1
|   |   |   |   |   |   |   |   |   |--- feature_28 >  39.70
|   |   |   |   |   |   |   |   |   |   |--- class: 1
|   |   |   |   |   |   |   |--- feature_28 >  40.50
|   |   |   |   |   |   |   |   |--- feature_28 <= 41.50
|   |   |   |   |   |   |   |   |   |--- class: 0
|   |   |   |   |   |   |   |   |--- feature_28 >  41.50
|   |   |   |   |   |   |   |   |   |--- feature_27 <= 2004.50
|   |   |   |   |   |   |   |   |   |   |--- class: 0
|   |   |   |   |   |   |   |   |   |--- feature_27 >  2004.50
|   |   |   |   |   |   |   |   |   |   |--- class: 1
|   |   |   |   |   |   |--- feature_27 >  2005.50
|   |   |   |   |   |   |   |--- feature_27 <= 2007.50
|   |   |   |   |   |   |   |   |--- feature_6 <= 0.50
|   |   |   |   |   |   |   |   |   |--- feature_27 <= 2006.50
|   |   |   |   |   |   |   |   |   |   |--- feature_28 <= 41.00
|   |   |   |   |   |   |   |   |   |   |   |--- class: 0
|   |   |   |   |   |   |   |   |   |   |--- feature_28 >  41.00
|   |   |   |   |   |   |   |   |   |   |   |--- class: 0
|   |   |   |   |   |   |   |   |   |--- feature_27 >  2006.50
|   |   |   |   |   |   |   |   |   |   |--- feature_28 <= 41.00
|   |   |   |   |   |   |   |   |   |   |   |--- class: 0
|   |   |   |   |   |   |   |   |   |   |--- feature_28 >  41.00
|   |   |   |   |   |   |   |   |   |   |   |--- class: 1
|   |   |   |   |   |   |   |   |--- feature_6 >  0.50
|   |   |   |   |   |   |   |   |   |--- class: 1
|   |   |   |   |   |   |   |--- feature_27 >  2007.50
|   |   |   |   |   |   |   |   |--- feature_28 <= 41.00
|   |   |   |   |   |   |   |   |   |--- feature_11 <= 0.50
|   |   |   |   |   |   |   |   |   |   |--- class: 1
|   |   |   |   |   |   |   |   |   |--- feature_11 >  0.50
|   |   |   |   |   |   |   |   |   |   |--- feature_27 <= 2008.50
|   |   |   |   |   |   |   |   |   |   |   |--- class: 0
|   |   |   |   |   |   |   |   |   |   |--- feature_27 >  2008.50
|   |   |   |   |   |   |   |   |   |   |   |--- class: 0
|   |   |   |   |   |   |   |   |--- feature_28 >  41.00
|   |   |   |   |   |   |   |   |   |--- feature_27 <= 2008.50
|   |   |   |   |   |   |   |   |   |   |--- class: 0
|   |   |   |   |   |   |   |   |   |--- feature_27 >  2008.50
|   |   |   |   |   |   |   |   |   |   |--- feature_11 <= 0.50
|   |   |   |   |   |   |   |   |   |   |   |--- class: 0
|   |   |   |   |   |   |   |   |   |   |--- feature_11 >  0.50
|   |   |   |   |   |   |   |   |   |   |   |--- class: 0
|   |   |   |   |   |--- feature_27 >  2009.50
|   |   |   |   |   |   |--- feature_27 <= 2010.50
|   |   |   |   |   |   |   |--- feature_28 <= 41.00
|   |   |   |   |   |   |   |   |--- class: 1
|   |   |   |   |   |   |   |--- feature_28 >  41.00
|   |   |   |   |   |   |   |   |--- class: 0
|   |   |   |   |   |   |--- feature_27 >  2010.50
|   |   |   |   |   |   |   |--- feature_28 <= 41.00
|   |   |   |   |   |   |   |   |--- class: 1
|   |   |   |   |   |   |   |--- feature_28 >  41.00
|   |   |   |   |   |   |   |   |--- class: 1
|   |--- feature_28 >  42.30
|   |   |--- feature_28 <= 77.50
|   |   |   |--- feature_11 <= 0.50
|   |   |   |   |--- feature_10 <= 0.50
|   |   |   |   |   |--- feature_28 <= 43.20
|   |   |   |   |   |   |--- feature_27 <= 2010.50
|   |   |   |   |   |   |   |--- class: 0
|   |   |   |   |   |   |--- feature_27 >  2010.50
|   |   |   |   |   |   |   |--- class: 1
|   |   |   |   |   |--- feature_28 >  43.20
|   |   |   |   |   |   |--- feature_16 <= 0.50
|   |   |   |   |   |   |   |--- feature_5 <= 0.50
|   |   |   |   |   |   |   |   |--- feature_0 <= 0.50
|   |   |   |   |   |   |   |   |   |--- feature_4 <= 0.50
|   |   |   |   |   |   |   |   |   |   |--- feature_28 <= 74.50
|   |   |   |   |   |   |   |   |   |   |   |--- class: 1
|   |   |   |   |   |   |   |   |   |   |--- feature_28 >  74.50
|   |   |   |   |   |   |   |   |   |   |   |--- truncated branch of depth 2
|   |   |   |   |   |   |   |   |   |--- feature_4 >  0.50
|   |   |   |   |   |   |   |   |   |   |--- feature_27 <= 2010.00
|   |   |   |   |   |   |   |   |   |   |   |--- class: 1
|   |   |   |   |   |   |   |   |   |   |--- feature_27 >  2010.00
|   |   |   |   |   |   |   |   |   |   |   |--- truncated branch of depth 2
|   |   |   |   |   |   |   |   |--- feature_0 >  0.50
|   |   |   |   |   |   |   |   |   |--- feature_27 <= 2007.50
|   |   |   |   |   |   |   |   |   |   |--- feature_28 <= 52.50
|   |   |   |   |   |   |   |   |   |   |   |--- class: 0
|   |   |   |   |   |   |   |   |   |   |--- feature_28 >  52.50
|   |   |   |   |   |   |   |   |   |   |   |--- class: 0
|   |   |   |   |   |   |   |   |   |--- feature_27 >  2007.50
|   |   |   |   |   |   |   |   |   |   |--- class: 1
|   |   |   |   |   |   |   |--- feature_5 >  0.50
|   |   |   |   |   |   |   |   |--- feature_27 <= 2010.50
|   |   |   |   |   |   |   |   |   |--- feature_28 <= 50.00
|   |   |   |   |   |   |   |   |   |   |--- class: 0
|   |   |   |   |   |   |   |   |   |--- feature_28 >  50.00
|   |   |   |   |   |   |   |   |   |   |--- feature_28 <= 62.50
|   |   |   |   |   |   |   |   |   |   |   |--- class: 1
|   |   |   |   |   |   |   |   |   |   |--- feature_28 >  62.50
|   |   |   |   |   |   |   |   |   |   |   |--- truncated branch of depth 4
|   |   |   |   |   |   |   |   |--- feature_27 >  2010.50
|   |   |   |   |   |   |   |   |   |--- class: 1
|   |   |   |   |   |   |--- feature_16 >  0.50
|   |   |   |   |   |   |   |--- feature_27 <= 2009.50
|   |   |   |   |   |   |   |   |--- class: 0
|   |   |   |   |   |   |   |--- feature_27 >  2009.50
|   |   |   |   |   |   |   |   |--- class: 1
|   |   |   |   |--- feature_10 >  0.50
|   |   |   |   |   |--- feature_27 <= 2005.50
|   |   |   |   |   |   |--- class: 0
|   |   |   |   |   |--- feature_27 >  2005.50
|   |   |   |   |   |   |--- class: 1
|   |   |   |--- feature_11 >  0.50
|   |   |   |   |--- feature_23 <= 0.50
|   |   |   |   |   |--- feature_21 <= 0.50
|   |   |   |   |   |   |--- feature_28 <= 61.50
|   |   |   |   |   |   |   |--- feature_27 <= 1997.50
|   |   |   |   |   |   |   |   |--- feature_28 <= 46.50
|   |   |   |   |   |   |   |   |   |--- class: 1
|   |   |   |   |   |   |   |   |--- feature_28 >  46.50
|   |   |   |   |   |   |   |   |   |--- feature_28 <= 59.50
|   |   |   |   |   |   |   |   |   |   |--- class: 1
|   |   |   |   |   |   |   |   |   |--- feature_28 >  59.50
|   |   |   |   |   |   |   |   |   |   |--- class: 1
|   |   |   |   |   |   |   |--- feature_27 >  1997.50
|   |   |   |   |   |   |   |   |--- feature_27 <= 2011.50
|   |   |   |   |   |   |   |   |   |--- feature_26 <= 0.50
|   |   |   |   |   |   |   |   |   |   |--- feature_24 <= 0.50
|   |   |   |   |   |   |   |   |   |   |   |--- truncated branch of depth 15
|   |   |   |   |   |   |   |   |   |   |--- feature_24 >  0.50
|   |   |   |   |   |   |   |   |   |   |   |--- class: 0
|   |   |   |   |   |   |   |   |   |--- feature_26 >  0.50
|   |   |   |   |   |   |   |   |   |   |--- feature_28 <= 59.50
|   |   |   |   |   |   |   |   |   |   |   |--- truncated branch of depth 10
|   |   |   |   |   |   |   |   |   |   |--- feature_28 >  59.50
|   |   |   |   |   |   |   |   |   |   |   |--- truncated branch of depth 3
|   |   |   |   |   |   |   |   |--- feature_27 >  2011.50
|   |   |   |   |   |   |   |   |   |--- feature_25 <= 0.50
|   |   |   |   |   |   |   |   |   |   |--- feature_28 <= 54.50
|   |   |   |   |   |   |   |   |   |   |   |--- truncated branch of depth 12
|   |   |   |   |   |   |   |   |   |   |--- feature_28 >  54.50
|   |   |   |   |   |   |   |   |   |   |   |--- truncated branch of depth 9
|   |   |   |   |   |   |   |   |   |--- feature_25 >  0.50
|   |   |   |   |   |   |   |   |   |   |--- class: 0
|   |   |   |   |   |   |--- feature_28 >  61.50
|   |   |   |   |   |   |   |--- feature_27 <= 2012.50
|   |   |   |   |   |   |   |   |--- feature_26 <= 0.50
|   |   |   |   |   |   |   |   |   |--- feature_27 <= 2002.00
|   |   |   |   |   |   |   |   |   |   |--- feature_28 <= 72.50
|   |   |   |   |   |   |   |   |   |   |   |--- truncated branch of depth 4
|   |   |   |   |   |   |   |   |   |   |--- feature_28 >  72.50
|   |   |   |   |   |   |   |   |   |   |   |--- class: 1
|   |   |   |   |   |   |   |   |   |--- feature_27 >  2002.00
|   |   |   |   |   |   |   |   |   |   |--- feature_27 <= 2004.50
|   |   |   |   |   |   |   |   |   |   |   |--- truncated branch of depth 4
|   |   |   |   |   |   |   |   |   |   |--- feature_27 >  2004.50
|   |   |   |   |   |   |   |   |   |   |   |--- truncated branch of depth 10
|   |   |   |   |   |   |   |   |--- feature_26 >  0.50
|   |   |   |   |   |   |   |   |   |--- feature_27 <= 2009.50
|   |   |   |   |   |   |   |   |   |   |--- feature_28 <= 72.50
|   |   |   |   |   |   |   |   |   |   |   |--- truncated branch of depth 4
|   |   |   |   |   |   |   |   |   |   |--- feature_28 >  72.50
|   |   |   |   |   |   |   |   |   |   |   |--- class: 0
|   |   |   |   |   |   |   |   |   |--- feature_27 >  2009.50
|   |   |   |   |   |   |   |   |   |   |--- feature_27 <= 2010.50
|   |   |   |   |   |   |   |   |   |   |   |--- truncated branch of depth 5
|   |   |   |   |   |   |   |   |   |   |--- feature_27 >  2010.50
|   |   |   |   |   |   |   |   |   |   |   |--- truncated branch of depth 8
|   |   |   |   |   |   |   |--- feature_27 >  2012.50
|   |   |   |   |   |   |   |   |--- feature_26 <= 0.50
|   |   |   |   |   |   |   |   |   |--- feature_28 <= 71.00
|   |   |   |   |   |   |   |   |   |   |--- class: 1
|   |   |   |   |   |   |   |   |   |--- feature_28 >  71.00
|   |   |   |   |   |   |   |   |   |   |--- feature_28 <= 73.50
|   |   |   |   |   |   |   |   |   |   |   |--- truncated branch of depth 2
|   |   |   |   |   |   |   |   |   |   |--- feature_28 >  73.50
|   |   |   |   |   |   |   |   |   |   |   |--- class: 1
|   |   |   |   |   |   |   |   |--- feature_26 >  0.50
|   |   |   |   |   |   |   |   |   |--- feature_27 <= 2013.50
|   |   |   |   |   |   |   |   |   |   |--- feature_28 <= 69.50
|   |   |   |   |   |   |   |   |   |   |   |--- truncated branch of depth 2
|   |   |   |   |   |   |   |   |   |   |--- feature_28 >  69.50
|   |   |   |   |   |   |   |   |   |   |   |--- truncated branch of depth 3
|   |   |   |   |   |   |   |   |   |--- feature_27 >  2013.50
|   |   |   |   |   |   |   |   |   |   |--- feature_28 <= 69.50
|   |   |   |   |   |   |   |   |   |   |   |--- truncated branch of depth 3
|   |   |   |   |   |   |   |   |   |   |--- feature_28 >  69.50
|   |   |   |   |   |   |   |   |   |   |   |--- truncated branch of depth 2
|   |   |   |   |   |--- feature_21 >  0.50
|   |   |   |   |   |   |--- feature_28 <= 51.00
|   |   |   |   |   |   |   |--- feature_27 <= 2011.50
|   |   |   |   |   |   |   |   |--- feature_28 <= 46.50
|   |   |   |   |   |   |   |   |   |--- feature_27 <= 2007.50
|   |   |   |   |   |   |   |   |   |   |--- class: 1
|   |   |   |   |   |   |   |   |   |--- feature_27 >  2007.50
|   |   |   |   |   |   |   |   |   |   |--- feature_27 <= 2008.50
|   |   |   |   |   |   |   |   |   |   |   |--- class: 0
|   |   |   |   |   |   |   |   |   |   |--- feature_27 >  2008.50
|   |   |   |   |   |   |   |   |   |   |   |--- truncated branch of depth 3
|   |   |   |   |   |   |   |   |--- feature_28 >  46.50
|   |   |   |   |   |   |   |   |   |--- feature_27 <= 2010.50
|   |   |   |   |   |   |   |   |   |   |--- feature_27 <= 2004.50
|   |   |   |   |   |   |   |   |   |   |   |--- class: 1
|   |   |   |   |   |   |   |   |   |   |--- feature_27 >  2004.50
|   |   |   |   |   |   |   |   |   |   |   |--- truncated branch of depth 8
|   |   |   |   |   |   |   |   |   |--- feature_27 >  2010.50
|   |   |   |   |   |   |   |   |   |   |--- feature_28 <= 49.00
|   |   |   |   |   |   |   |   |   |   |   |--- class: 0
|   |   |   |   |   |   |   |   |   |   |--- feature_28 >  49.00
|   |   |   |   |   |   |   |   |   |   |   |--- class: 0
|   |   |   |   |   |   |   |--- feature_27 >  2011.50
|   |   |   |   |   |   |   |   |--- feature_28 <= 49.00
|   |   |   |   |   |   |   |   |   |--- class: 0
|   |   |   |   |   |   |   |   |--- feature_28 >  49.00
|   |   |   |   |   |   |   |   |   |--- class: 1
|   |   |   |   |   |   |--- feature_28 >  51.00
|   |   |   |   |   |   |   |--- feature_27 <= 2006.50
|   |   |   |   |   |   |   |   |--- feature_27 <= 2005.50
|   |   |   |   |   |   |   |   |   |--- class: 1
|   |   |   |   |   |   |   |   |--- feature_27 >  2005.50
|   |   |   |   |   |   |   |   |   |--- feature_28 <= 66.50
|   |   |   |   |   |   |   |   |   |   |--- class: 0
|   |   |   |   |   |   |   |   |   |--- feature_28 >  66.50
|   |   |   |   |   |   |   |   |   |   |--- class: 0
|   |   |   |   |   |   |   |--- feature_27 >  2006.50
|   |   |   |   |   |   |   |   |--- feature_28 <= 63.50
|   |   |   |   |   |   |   |   |   |--- feature_27 <= 2008.50
|   |   |   |   |   |   |   |   |   |   |--- class: 1
|   |   |   |   |   |   |   |   |   |--- feature_27 >  2008.50
|   |   |   |   |   |   |   |   |   |   |--- feature_27 <= 2010.50
|   |   |   |   |   |   |   |   |   |   |   |--- truncated branch of depth 6
|   |   |   |   |   |   |   |   |   |   |--- feature_27 >  2010.50
|   |   |   |   |   |   |   |   |   |   |   |--- class: 1
|   |   |   |   |   |   |   |   |--- feature_28 >  63.50
|   |   |   |   |   |   |   |   |   |--- class: 1
|   |   |   |   |--- feature_23 >  0.50
|   |   |   |   |   |--- feature_28 <= 61.00
|   |   |   |   |   |   |--- feature_27 <= 2013.50
|   |   |   |   |   |   |   |--- feature_28 <= 57.50
|   |   |   |   |   |   |   |   |--- feature_28 <= 54.50
|   |   |   |   |   |   |   |   |   |--- feature_28 <= 53.00
|   |   |   |   |   |   |   |   |   |   |--- feature_28 <= 51.00
|   |   |   |   |   |   |   |   |   |   |   |--- truncated branch of depth 8
|   |   |   |   |   |   |   |   |   |   |--- feature_28 >  51.00
|   |   |   |   |   |   |   |   |   |   |   |--- truncated branch of depth 3
|   |   |   |   |   |   |   |   |   |--- feature_28 >  53.00
|   |   |   |   |   |   |   |   |   |   |--- class: 0
|   |   |   |   |   |   |   |   |--- feature_28 >  54.50
|   |   |   |   |   |   |   |   |   |--- class: 1
|   |   |   |   |   |   |   |--- feature_28 >  57.50
|   |   |   |   |   |   |   |   |--- feature_27 <= 2011.50
|   |   |   |   |   |   |   |   |   |--- class: 0
|   |   |   |   |   |   |   |   |--- feature_27 >  2011.50
|   |   |   |   |   |   |   |   |   |--- feature_27 <= 2012.50
|   |   |   |   |   |   |   |   |   |   |--- class: 1
|   |   |   |   |   |   |   |   |   |--- feature_27 >  2012.50
|   |   |   |   |   |   |   |   |   |   |--- class: 1
|   |   |   |   |   |   |--- feature_27 >  2013.50
|   |   |   |   |   |   |   |--- feature_28 <= 59.50
|   |   |   |   |   |   |   |   |--- feature_28 <= 52.00
|   |   |   |   |   |   |   |   |   |--- feature_28 <= 44.50
|   |   |   |   |   |   |   |   |   |   |--- class: 0
|   |   |   |   |   |   |   |   |   |--- feature_28 >  44.50
|   |   |   |   |   |   |   |   |   |   |--- feature_28 <= 45.50
|   |   |   |   |   |   |   |   |   |   |   |--- class: 1
|   |   |   |   |   |   |   |   |   |   |--- feature_28 >  45.50
|   |   |   |   |   |   |   |   |   |   |   |--- truncated branch of depth 3
|   |   |   |   |   |   |   |   |--- feature_28 >  52.00
|   |   |   |   |   |   |   |   |   |--- class: 1
|   |   |   |   |   |   |   |--- feature_28 >  59.50
|   |   |   |   |   |   |   |   |--- class: 0
|   |   |   |   |   |--- feature_28 >  61.00
|   |   |   |   |   |   |--- feature_27 <= 2010.50
|   |   |   |   |   |   |   |--- class: 0
|   |   |   |   |   |   |--- feature_27 >  2010.50
|   |   |   |   |   |   |   |--- feature_27 <= 2013.50
|   |   |   |   |   |   |   |   |--- class: 1
|   |   |   |   |   |   |   |--- feature_27 >  2013.50
|   |   |   |   |   |   |   |   |--- feature_28 <= 67.00
|   |   |   |   |   |   |   |   |   |--- class: 1
|   |   |   |   |   |   |   |   |--- feature_28 >  67.00
|   |   |   |   |   |   |   |   |   |--- class: 1
|   |   |--- feature_28 >  77.50
|   |   |   |--- feature_27 <= 2005.50
|   |   |   |   |--- feature_11 <= 0.50
|   |   |   |   |   |--- class: 1
|   |   |   |   |--- feature_11 >  0.50
|   |   |   |   |   |--- feature_27 <= 1986.50
|   |   |   |   |   |   |--- class: 0
|   |   |   |   |   |--- feature_27 >  1986.50
|   |   |   |   |   |   |--- feature_28 <= 96.50
|   |   |   |   |   |   |   |--- feature_27 <= 2000.50
|   |   |   |   |   |   |   |   |--- class: 1
|   |   |   |   |   |   |   |--- feature_27 >  2000.50
|   |   |   |   |   |   |   |   |--- feature_25 <= 0.50
|   |   |   |   |   |   |   |   |   |--- class: 1
|   |   |   |   |   |   |   |   |--- feature_25 >  0.50
|   |   |   |   |   |   |   |   |   |--- feature_27 <= 2004.50
|   |   |   |   |   |   |   |   |   |   |--- feature_28 <= 88.00
|   |   |   |   |   |   |   |   |   |   |   |--- truncated branch of depth 3
|   |   |   |   |   |   |   |   |   |   |--- feature_28 >  88.00
|   |   |   |   |   |   |   |   |   |   |   |--- truncated branch of depth 2
|   |   |   |   |   |   |   |   |   |--- feature_27 >  2004.50
|   |   |   |   |   |   |   |   |   |   |--- feature_28 <= 92.50
|   |   |   |   |   |   |   |   |   |   |   |--- truncated branch of depth 3
|   |   |   |   |   |   |   |   |   |   |--- feature_28 >  92.50
|   |   |   |   |   |   |   |   |   |   |   |--- class: 0
|   |   |   |   |   |   |--- feature_28 >  96.50
|   |   |   |   |   |   |   |--- feature_27 <= 1994.50
|   |   |   |   |   |   |   |   |--- feature_28 <= 165.00
|   |   |   |   |   |   |   |   |   |--- class: 0
|   |   |   |   |   |   |   |   |--- feature_28 >  165.00
|   |   |   |   |   |   |   |   |   |--- class: 1
|   |   |   |   |   |   |   |--- feature_27 >  1994.50
|   |   |   |   |   |   |   |   |--- feature_28 <= 132.50
|   |   |   |   |   |   |   |   |   |--- feature_28 <= 102.50
|   |   |   |   |   |   |   |   |   |   |--- feature_21 <= 0.50
|   |   |   |   |   |   |   |   |   |   |   |--- truncated branch of depth 5
|   |   |   |   |   |   |   |   |   |   |--- feature_21 >  0.50
|   |   |   |   |   |   |   |   |   |   |   |--- class: 1
|   |   |   |   |   |   |   |   |   |--- feature_28 >  102.50
|   |   |   |   |   |   |   |   |   |   |--- feature_28 <= 118.00
|   |   |   |   |   |   |   |   |   |   |   |--- truncated branch of depth 2
|   |   |   |   |   |   |   |   |   |   |--- feature_28 >  118.00
|   |   |   |   |   |   |   |   |   |   |   |--- class: 1
|   |   |   |   |   |   |   |   |--- feature_28 >  132.50
|   |   |   |   |   |   |   |   |   |--- feature_28 <= 175.00
|   |   |   |   |   |   |   |   |   |   |--- feature_27 <= 2001.00
|   |   |   |   |   |   |   |   |   |   |   |--- class: 1
|   |   |   |   |   |   |   |   |   |   |--- feature_27 >  2001.00
|   |   |   |   |   |   |   |   |   |   |   |--- truncated branch of depth 4
|   |   |   |   |   |   |   |   |   |--- feature_28 >  175.00
|   |   |   |   |   |   |   |   |   |   |--- class: 1
|   |   |   |--- feature_27 >  2005.50
|   |   |   |   |--- feature_28 <= 142.50
|   |   |   |   |   |--- feature_28 <= 91.00
|   |   |   |   |   |   |--- feature_26 <= 0.50
|   |   |   |   |   |   |   |--- feature_25 <= 0.50
|   |   |   |   |   |   |   |   |--- feature_18 <= 0.50
|   |   |   |   |   |   |   |   |   |--- feature_27 <= 2012.50
|   |   |   |   |   |   |   |   |   |   |--- class: 1
|   |   |   |   |   |   |   |   |   |--- feature_27 >  2012.50
|   |   |   |   |   |   |   |   |   |   |--- feature_28 <= 82.05
|   |   |   |   |   |   |   |   |   |   |   |--- truncated branch of depth 2
|   |   |   |   |   |   |   |   |   |   |--- feature_28 >  82.05
|   |   |   |   |   |   |   |   |   |   |   |--- class: 1
|   |   |   |   |   |   |   |   |--- feature_18 >  0.50
|   |   |   |   |   |   |   |   |   |--- feature_28 <= 86.50
|   |   |   |   |   |   |   |   |   |   |--- class: 1
|   |   |   |   |   |   |   |   |   |--- feature_28 >  86.50
|   |   |   |   |   |   |   |   |   |   |--- feature_27 <= 2011.50
|   |   |   |   |   |   |   |   |   |   |   |--- class: 0
|   |   |   |   |   |   |   |   |   |   |--- feature_27 >  2011.50
|   |   |   |   |   |   |   |   |   |   |   |--- truncated branch of depth 2
|   |   |   |   |   |   |   |--- feature_25 >  0.50
|   |   |   |   |   |   |   |   |--- feature_28 <= 86.00
|   |   |   |   |   |   |   |   |   |--- feature_28 <= 84.50
|   |   |   |   |   |   |   |   |   |   |--- feature_28 <= 83.00
|   |   |   |   |   |   |   |   |   |   |   |--- truncated branch of depth 5
|   |   |   |   |   |   |   |   |   |   |--- feature_28 >  83.00
|   |   |   |   |   |   |   |   |   |   |   |--- class: 0
|   |   |   |   |   |   |   |   |   |--- feature_28 >  84.50
|   |   |   |   |   |   |   |   |   |   |--- feature_27 <= 2009.50
|   |   |   |   |   |   |   |   |   |   |   |--- truncated branch of depth 3
|   |   |   |   |   |   |   |   |   |   |--- feature_27 >  2009.50
|   |   |   |   |   |   |   |   |   |   |   |--- truncated branch of depth 2
|   |   |   |   |   |   |   |   |--- feature_28 >  86.00
|   |   |   |   |   |   |   |   |   |--- feature_27 <= 2009.50
|   |   |   |   |   |   |   |   |   |   |--- feature_28 <= 88.50
|   |   |   |   |   |   |   |   |   |   |   |--- truncated branch of depth 2
|   |   |   |   |   |   |   |   |   |   |--- feature_28 >  88.50
|   |   |   |   |   |   |   |   |   |   |   |--- truncated branch of depth 4
|   |   |   |   |   |   |   |   |   |--- feature_27 >  2009.50
|   |   |   |   |   |   |   |   |   |   |--- feature_28 <= 88.50
|   |   |   |   |   |   |   |   |   |   |   |--- class: 0
|   |   |   |   |   |   |   |   |   |   |--- feature_28 >  88.50
|   |   |   |   |   |   |   |   |   |   |   |--- class: 0
|   |   |   |   |   |   |--- feature_26 >  0.50
|   |   |   |   |   |   |   |--- feature_27 <= 2009.50
|   |   |   |   |   |   |   |   |--- feature_28 <= 87.50
|   |   |   |   |   |   |   |   |   |--- class: 0
|   |   |   |   |   |   |   |   |--- feature_28 >  87.50
|   |   |   |   |   |   |   |   |   |--- class: 1
|   |   |   |   |   |   |   |--- feature_27 >  2009.50
|   |   |   |   |   |   |   |   |--- feature_27 <= 2010.50
|   |   |   |   |   |   |   |   |   |--- class: 1
|   |   |   |   |   |   |   |   |--- feature_27 >  2010.50
|   |   |   |   |   |   |   |   |   |--- feature_28 <= 79.50
|   |   |   |   |   |   |   |   |   |   |--- feature_27 <= 2012.50
|   |   |   |   |   |   |   |   |   |   |   |--- class: 1
|   |   |   |   |   |   |   |   |   |   |--- feature_27 >  2012.50
|   |   |   |   |   |   |   |   |   |   |   |--- class: 0
|   |   |   |   |   |   |   |   |   |--- feature_28 >  79.50
|   |   |   |   |   |   |   |   |   |   |--- feature_28 <= 88.50
|   |   |   |   |   |   |   |   |   |   |   |--- truncated branch of depth 6
|   |   |   |   |   |   |   |   |   |   |--- feature_28 >  88.50
|   |   |   |   |   |   |   |   |   |   |   |--- truncated branch of depth 5
|   |   |   |   |   |--- feature_28 >  91.00
|   |   |   |   |   |   |--- feature_27 <= 2011.50
|   |   |   |   |   |   |   |--- feature_27 <= 2010.50
|   |   |   |   |   |   |   |   |--- feature_28 <= 137.50
|   |   |   |   |   |   |   |   |   |--- feature_28 <= 113.50
|   |   |   |   |   |   |   |   |   |   |--- feature_25 <= 0.50
|   |   |   |   |   |   |   |   |   |   |   |--- class: 1
|   |   |   |   |   |   |   |   |   |   |--- feature_25 >  0.50
|   |   |   |   |   |   |   |   |   |   |   |--- truncated branch of depth 8
|   |   |   |   |   |   |   |   |   |--- feature_28 >  113.50
|   |   |   |   |   |   |   |   |   |   |--- feature_26 <= 0.50
|   |   |   |   |   |   |   |   |   |   |   |--- truncated branch of depth 9
|   |   |   |   |   |   |   |   |   |   |--- feature_26 >  0.50
|   |   |   |   |   |   |   |   |   |   |   |--- truncated branch of depth 2
|   |   |   |   |   |   |   |   |--- feature_28 >  137.50
|   |   |   |   |   |   |   |   |   |--- feature_26 <= 0.50
|   |   |   |   |   |   |   |   |   |   |--- feature_27 <= 2009.50
|   |   |   |   |   |   |   |   |   |   |   |--- truncated branch of depth 2
|   |   |   |   |   |   |   |   |   |   |--- feature_27 >  2009.50
|   |   |   |   |   |   |   |   |   |   |   |--- class: 1
|   |   |   |   |   |   |   |   |   |--- feature_26 >  0.50
|   |   |   |   |   |   |   |   |   |   |--- class: 0
|   |   |   |   |   |   |   |--- feature_27 >  2010.50
|   |   |   |   |   |   |   |   |--- feature_18 <= 0.50
|   |   |   |   |   |   |   |   |   |--- feature_28 <= 103.00
|   |   |   |   |   |   |   |   |   |   |--- feature_28 <= 96.50
|   |   |   |   |   |   |   |   |   |   |   |--- truncated branch of depth 2
|   |   |   |   |   |   |   |   |   |   |--- feature_28 >  96.50
|   |   |   |   |   |   |   |   |   |   |   |--- class: 1
|   |   |   |   |   |   |   |   |   |--- feature_28 >  103.00
|   |   |   |   |   |   |   |   |   |   |--- feature_28 <= 122.50
|   |   |   |   |   |   |   |   |   |   |   |--- class: 0
|   |   |   |   |   |   |   |   |   |   |--- feature_28 >  122.50
|   |   |   |   |   |   |   |   |   |   |   |--- truncated branch of depth 3
|   |   |   |   |   |   |   |   |--- feature_18 >  0.50
|   |   |   |   |   |   |   |   |   |--- class: 0
|   |   |   |   |   |   |--- feature_27 >  2011.50
|   |   |   |   |   |   |   |--- feature_10 <= 0.50
|   |   |   |   |   |   |   |   |--- feature_28 <= 137.50
|   |   |   |   |   |   |   |   |   |--- feature_27 <= 2012.50
|   |   |   |   |   |   |   |   |   |   |--- feature_26 <= 0.50
|   |   |   |   |   |   |   |   |   |   |   |--- class: 1
|   |   |   |   |   |   |   |   |   |   |--- feature_26 >  0.50
|   |   |   |   |   |   |   |   |   |   |   |--- truncated branch of depth 6
|   |   |   |   |   |   |   |   |   |--- feature_27 >  2012.50
|   |   |   |   |   |   |   |   |   |   |--- feature_28 <= 107.50
|   |   |   |   |   |   |   |   |   |   |   |--- truncated branch of depth 7
|   |   |   |   |   |   |   |   |   |   |--- feature_28 >  107.50
|   |   |   |   |   |   |   |   |   |   |   |--- truncated branch of depth 6
|   |   |   |   |   |   |   |   |--- feature_28 >  137.50
|   |   |   |   |   |   |   |   |   |--- feature_27 <= 2012.50
|   |   |   |   |   |   |   |   |   |   |--- class: 0
|   |   |   |   |   |   |   |   |   |--- feature_27 >  2012.50
|   |   |   |   |   |   |   |   |   |   |--- class: 1
|   |   |   |   |   |   |   |--- feature_10 >  0.50
|   |   |   |   |   |   |   |   |--- feature_28 <= 110.00
|   |   |   |   |   |   |   |   |   |--- class: 0
|   |   |   |   |   |   |   |   |--- feature_28 >  110.00
|   |   |   |   |   |   |   |   |   |--- class: 1
|   |   |   |   |--- feature_28 >  142.50
|   |   |   |   |   |--- feature_25 <= 0.50
|   |   |   |   |   |   |--- feature_28 <= 192.50
|   |   |   |   |   |   |   |--- feature_28 <= 187.50
|   |   |   |   |   |   |   |   |--- feature_28 <= 162.50
|   |   |   |   |   |   |   |   |   |--- feature_28 <= 157.50
|   |   |   |   |   |   |   |   |   |   |--- feature_28 <= 147.50
|   |   |   |   |   |   |   |   |   |   |   |--- class: 1
|   |   |   |   |   |   |   |   |   |   |--- feature_28 >  147.50
|   |   |   |   |   |   |   |   |   |   |   |--- truncated branch of depth 6
|   |   |   |   |   |   |   |   |   |--- feature_28 >  157.50
|   |   |   |   |   |   |   |   |   |   |--- feature_27 <= 2012.50
|   |   |   |   |   |   |   |   |   |   |   |--- class: 1
|   |   |   |   |   |   |   |   |   |   |--- feature_27 >  2012.50
|   |   |   |   |   |   |   |   |   |   |   |--- class: 1
|   |   |   |   |   |   |   |   |--- feature_28 >  162.50
|   |   |   |   |   |   |   |   |   |--- class: 1
|   |   |   |   |   |   |   |--- feature_28 >  187.50
|   |   |   |   |   |   |   |   |--- feature_27 <= 2012.50
|   |   |   |   |   |   |   |   |   |--- class: 0
|   |   |   |   |   |   |   |   |--- feature_27 >  2012.50
|   |   |   |   |   |   |   |   |   |--- class: 1
|   |   |   |   |   |   |--- feature_28 >  192.50
|   |   |   |   |   |   |   |--- class: 1
|   |   |   |   |   |--- feature_25 >  0.50
|   |   |   |   |   |   |--- feature_28 <= 237.50
|   |   |   |   |   |   |   |--- feature_28 <= 220.00
|   |   |   |   |   |   |   |   |--- feature_28 <= 187.50
|   |   |   |   |   |   |   |   |   |--- feature_28 <= 180.00
|   |   |   |   |   |   |   |   |   |   |--- feature_27 <= 2008.50
|   |   |   |   |   |   |   |   |   |   |   |--- truncated branch of depth 5
|   |   |   |   |   |   |   |   |   |   |--- feature_27 >  2008.50
|   |   |   |   |   |   |   |   |   |   |   |--- truncated branch of depth 4
|   |   |   |   |   |   |   |   |   |--- feature_28 >  180.00
|   |   |   |   |   |   |   |   |   |   |--- class: 0
|   |   |   |   |   |   |   |   |--- feature_28 >  187.50
|   |   |   |   |   |   |   |   |   |--- class: 1
|   |   |   |   |   |   |   |--- feature_28 >  220.00
|   |   |   |   |   |   |   |   |--- feature_27 <= 2009.00
|   |   |   |   |   |   |   |   |   |--- feature_27 <= 2006.50
|   |   |   |   |   |   |   |   |   |   |--- class: 0
|   |   |   |   |   |   |   |   |   |--- feature_27 >  2006.50
|   |   |   |   |   |   |   |   |   |   |--- class: 1
|   |   |   |   |   |   |   |   |--- feature_27 >  2009.00
|   |   |   |   |   |   |   |   |   |--- class: 0
|   |   |   |   |   |   |--- feature_28 >  237.50
|   |   |   |   |   |   |   |--- class: 1
